cmp 8+[28]-[27] == 100 False
cmp 1+[26] == 52 False
cmp 51-1+51 == 101 False
cmp 99+1+1-[25] == 0 False
cmp 52-1+[24] == 0 False
cmp [23] == 101 False
cmp 90-[22] == 0 False
cmp 104+1-[21] == 0 False
cmp 83-[20] == 0 False
cmp 95-[19] == 0 False
cmp 71-[18] == 0 False
cmp 1+[17] == 106 False
cmp 1+[16] == 106 False
cmp 1+[15] == 106 False
cmp 1+[14] == 106 False
cmp 1+[13] == 106 False
cmp 1+[12] == 106 False
cmp 1+[11] == 106 False
cmp 1+[10] == 106 False
cmp 1+[9] == 67 False
cmp 4+13+12+11+10+9+8+7+6+5+4+3+2+1+0-[8] == 0 False
cmp [7] == 119 False
cmp [6] == 48 False
cmp 19+1+[5]+[4]+[3]+[2]+[1]+[0] == 0 False
