// 1024, int
static const u8 data_segment_data_0[164] = {
  0x4f, 0x6e, 0x6c, 0x79, 0x20, 0x74, 0x68, 0x65, 0x20, 0x68, 0x61, 0x63, 
  0x6b, 0x65, 0x72, 0x73, 0x20, 0x77, 0x68, 0x6f, 0x20, 0x62, 0x72, 0x65, 
  0x61, 0x6b, 0x20, 0x74, 0x68, 0x65, 0x20, 0x72, 0x75, 0x6c, 0x65, 0x73, 
  0x20, 0x61, 0x72, 0x65, 0x20, 0x61, 0x62, 0x6c, 0x65, 0x20, 0x74, 0x6f, 
  0x20, 0x6f, 0x70, 0x65, 0x6e, 0x20, 0x6d, 0x79, 0x20, 0x76, 0x61, 0x75, 
  0x6c, 0x74, 0x2e, 0xf0, 0x9f, 0x98, 0x98, 0xf0, 0x9f, 0x98, 0x98, 0xf0, 
  0x9f, 0x98, 0x98, 0x00, 0x66, 0x6f, 0x72, 0x20, 0x6d, 0x79, 0x73, 0x65, 
  0x6c, 0x66, 0x3a, 0x20, 0x54, 0x68, 0x65, 0x20, 0x63, 0x68, 0x61, 0x72, 
  0x73, 0x65, 0x74, 0x20, 0x6f, 0x66, 0x20, 0x74, 0x68, 0x65, 0x20, 0x70, 
  0x61, 0x73, 0x73, 0x77, 0x6f, 0x72, 0x64, 0x20, 0x69, 0x73, 0x20, 0x5b, 
  0x41, 0x2d, 0x5a, 0x61, 0x2d, 0x7a, 0x30, 0x2d, 0x39, 0x5d, 0x2c, 0x20, 
  0x74, 0x68, 0x65, 0x20, 0x6b, 0x65, 0x79, 0x62, 0x6f, 0x61, 0x72, 0x64, 
  0x20, 0x74, 0x68, 0x65, 0x72, 0x65, 0x20, 0x6a, 0x75, 0x73, 0x74, 0x20, 
  0x66, 0x6f, 0x72, 0x20, 0x66, 0x75, 0x6e, 0x2e, 
};

// 1200
static const u8 data_segment_data_1[80] = {
  0x05, 0x44, 0x3d, 0x28, 0x07, 0x6b, 0x16, 0x29, 0x16, 0x1d, 0x3d, 0x40, 
  0x35, 0x36, 0x00, 0x42, 0x36, 0x31, 0x14, 0x37, 0x08, 0x44, 0x3d, 0x14, 
  0x35, 0x3a, 0x3d, 0x28, 0x55, 0x4c, 0x20, 0x2d, 0x2d, 0x20, 0x45, 0x4f, 
  0x46, 0x7b, 0x25, 0x73, 0x7d, 0x20, 0x2d, 0x2d, 0x20, 0x0a, 0x00, 0x59, 
  0x6f, 0x75, 0x20, 0x67, 0x6f, 0x74, 0x20, 0x69, 0x74, 0x00, 0x00, 0x00, 
  0xf0, 0x06, 0x00, 0x00, 0x2d, 0x2b, 0x20, 0x20, 0x20, 0x30, 0x58, 0x30, 
  0x78, 0x00, 0x28, 0x6e, 0x75, 0x6c, 0x6c, 0x29, 
};

// 1296
static const u8 data_segment_data_2[24] = {
  0x11, 0x00, 0x0a, 0x00, 0x11, 0x11, 0x11, 0x00, 0x00, 0x00, 0x00, 0x05, 
  0x00, 0x00, 0x00, 0x00, 0x00, 0x00, 0x09, 0x00, 0x00, 0x00, 0x00, 0x0b, 
  
};

// 1328
static const u8 data_segment_data_3[33] = {
  0x11, 0x00, 0x0f, 0x0a, 0x11, 0x11, 0x11, 0x03, 0x0a, 0x07, 0x00, 0x01, 
  0x13, 0x09, 0x0b, 0x0b, 0x00, 0x00, 0x09, 0x06, 0x0b, 0x00, 0x00, 0x0b, 
  0x00, 0x06, 0x11, 0x00, 0x00, 0x00, 0x11, 0x11, 0x11, 
};

// 1377
static const u8 data_segment_data_4[1] = {
  0x0b, 
};

// 1386
static const u8 data_segment_data_5[] = {
  0x11, 0x00, 0x0a, 0x0a, 0x11, 0x11, 0x11, 0x00, 0x0a, 0x00, 0x00, 0x02, 
  0x00, 0x09, 0x0b, 0x00, 0x00, 0x00, 0x09, 0x00, 0x0b, 0x00, 0x00, 0x0b, 
  
};

// 1435
static const u8 data_segment_data_6[] = {
  0x0c, 
};

// 1447
static const u8 data_segment_data_7[] = {
  0x0c, 0x00, 0x00, 0x00, 0x00, 0x0c, 0x00, 0x00, 0x00, 0x00, 0x09, 0x0c, 
  0x00, 0x00, 0x00, 0x00, 0x00, 0x0c, 0x00, 0x00, 0x0c, 
};

// 1493
static const u8 data_segment_data_8[] = {
  0x0e, 
};

// 1505
static const u8 data_segment_data_9[] = {
  0x0d, 0x00, 0x00, 0x00, 0x04, 0x0d, 0x00, 0x00, 0x00, 0x00, 0x09, 0x0e, 
  0x00, 0x00, 0x00, 0x00, 0x00, 0x0e, 0x00, 0x00, 0x0e, 
};

// 1551
static const u8 data_segment_data_10[] = {
  0x10, 
};

// 1618
static const u8 data_segment_data_11[] = {
  0x0f, 0x00, 0x00, 0x00, 0x00, 0x0f, 0x00, 0x00, 0x00, 0x00, 0x09, 0x10, 
  0x00, 0x00, 0x00, 0x00, 0x00, 0x10, 0x00, 0x00, 0x10, 0x00, 0x00, 0x12, 
  0x00, 0x00, 0x00, 0x12, 0x12, 0x12, 
};

static const u8 data_segment_data_12[] = {
  0x12, 0x00, 0x00, 0x00, 0x12, 0x12, 0x12, 0x00, 0x00, 0x00, 0x00, 0x00, 
  0x00, 0x09, 
};

static const u8 data_segment_data_13[] = {
  0x0b, 
};

static const u8 data_segment_data_14[] = {
  0x0a, 0x00, 0x00, 0x00, 0x00, 0x0a, 0x00, 0x00, 0x00, 0x00, 0x09, 0x0b, 
  0x00, 0x00, 0x00, 0x00, 0x00, 0x0b, 0x00, 0x00, 0x0b, 
};

static const u8 data_segment_data_15[] = {
  0x0c, 
};

static const u8 data_segment_data_16[] = {
  0x0c, 0x00, 0x00, 0x00, 0x00, 0x0c, 0x00, 0x00, 0x00, 0x00, 0x09, 0x0c, 
  0x00, 0x00, 0x00, 0x00, 0x00, 0x0c, 0x00, 0x00, 0x0c, 0x00, 0x00, 0x30, 
  0x31, 0x32, 0x33, 0x34, 0x35, 0x36, 0x37, 0x38, 0x39, 0x41, 0x42, 0x43, 
  0x44, 0x45, 0x46, 
};

// 1776 
static const u8 data_segment_data_17[] = {
  0x05, 
};

// 1788
static const u8 data_segment_data_18[] = {
  0x01, 
};

static const u8 data_segment_data_19[] = {
  0x02, 0x00, 0x00, 0x00, 0x03, 0x00, 0x00, 0x00, 0x78, 0x08, 0x00, 0x00, 
  0x00, 0x04, 
};

static const u8 data_segment_data_20[] = {
  0x01, 
};

static const u8 data_segment_data_21[] = {
  0x0a, 0xff, 0xff, 0xff, 0xff, 
};

static const u8 data_segment_data_22[] = {
  0xa4, 0x0c, 
};

  memcpy(&((*Z_envZ_memory).data[1024u]), data_segment_data_0, 164);
  memcpy(&((*Z_envZ_memory).data[1200u]), data_segment_data_1, 80);
  memcpy(&((*Z_envZ_memory).data[1296u]), data_segment_data_2, 24);
  memcpy(&((*Z_envZ_memory).data[1328u]), data_segment_data_3, 33);
  memcpy(&((*Z_envZ_memory).data[1377u]), data_segment_data_4, 1);
  memcpy(&((*Z_envZ_memory).data[1386u]), data_segment_data_5, 24);
  memcpy(&((*Z_envZ_memory).data[1435u]), data_segment_data_6, 1);
  memcpy(&((*Z_envZ_memory).data[1447u]), data_segment_data_7, 21);
  memcpy(&((*Z_envZ_memory).data[1493u]), data_segment_data_8, 1);
  memcpy(&((*Z_envZ_memory).data[1505u]), data_segment_data_9, 21);
  memcpy(&((*Z_envZ_memory).data[1551u]), data_segment_data_10, 1);
  memcpy(&((*Z_envZ_memory).data[1563u]), data_segment_data_11, 30);
  memcpy(&((*Z_envZ_memory).data[1618u]), data_segment_data_12, 14);
  memcpy(&((*Z_envZ_memory).data[1667u]), data_segment_data_13, 1);
  memcpy(&((*Z_envZ_memory).data[1679u]), data_segment_data_14, 21);
  memcpy(&((*Z_envZ_memory).data[1725u]), data_segment_data_15, 1);
  memcpy(&((*Z_envZ_memory).data[1737u]), data_segment_data_16, 39);
  memcpy(&((*Z_envZ_memory).data[1776u]), data_segment_data_17, 1);
  memcpy(&((*Z_envZ_memory).data[1788u]), data_segment_data_18, 1);
  memcpy(&((*Z_envZ_memory).data[1812u]), data_segment_data_19, 14);
  memcpy(&((*Z_envZ_memory).data[1836u]), data_segment_data_20, 1);
  memcpy(&((*Z_envZ_memory).data[1851u]), data_segment_data_21, 5);
  memcpy(&((*Z_envZ_memory).data[2096u]), data_segment_data_22, 2);



data0
uint32[18]
1024: 0x4f b'O'
1025: 0x6e b'n'
1026: 0x6c b'l'
1027: 0x79 b'y'
1028: 0x20 b' '
1029: 0x74 b't'
1030: 0x68 b'h'
1031: 0x65 b'e'
1032: 0x20 b' '
1033: 0x68 b'h'
1034: 0x61 b'a'
1035: 0x63 b'c'
1036: 0x6b b'k'
1037: 0x65 b'e'
1038: 0x72 b'r'
1039: 0x73 b's'
1040: 0x20 b' '
1041: 0x77 b'w'
1042: 0x68 b'h'
1043: 0x6f b'o'
1044: 0x20 b' '
1045: 0x62 b'b'
1046: 0x72 b'r'
1047: 0x65 b'e'
1048: 0x61 b'a'
1049: 0x6b b'k'
1050: 0x20 b' '
1051: 0x74 b't'
1052: 0x68 b'h'
1053: 0x65 b'e'
1054: 0x20 b' '
1055: 0x72 b'r'
1056: 0x75 b'u'
1057: 0x6c b'l'
1058: 0x65 b'e'
1059: 0x73 b's'
1060: 0x20 b' '
1061: 0x61 b'a'
1062: 0x72 b'r'
1063: 0x65 b'e'
1064: 0x20 b' '
1065: 0x61 b'a'
1066: 0x62 b'b'
1067: 0x6c b'l'
1068: 0x65 b'e'
1069: 0x20 b' '
1070: 0x74 b't'
1071: 0x6f b'o'
1072: 0x20 b' '
1073: 0x6f b'o'
1074: 0x70 b'p'
1075: 0x65 b'e'
1076: 0x6e b'n'
1077: 0x20 b' '
1078: 0x6d b'm'
1079: 0x79 b'y'
1080: 0x20 b' '
1081: 0x76 b'v'
1082: 0x61 b'a'
1083: 0x75 b'u'
1084: 0x6c b'l'
1085: 0x74 b't'
1086: 0x2e b'.'
1087: 0xf0 b'\xf0'
1088: 0x9f b'\x9f'
1089: 0x98 b'\x98'
1090: 0x98 b'\x98'
1091: 0xf0 b'\xf0'
1092: 0x9f b'\x9f'
1093: 0x98 b'\x98'
1094: 0x98 b'\x98'
1095: 0xf0 b'\xf0'
1096: 0x9f b'\x9f'

uint8[3]
1097: 0x98 b'\x98'
1098: 0x98 b'\x98'
1099: 0x0 b'\x00'

1100: 0x66 b'f'
1101: 0x6f b'o'
1102: 0x72 b'r'
1103: 0x20 b' '
1104: 0x6d b'm'
1105: 0x79 b'y'
1106: 0x73 b's'
1107: 0x65 b'e'
1108: 0x6c b'l'
1109: 0x66 b'f'
1110: 0x3a b':'
1111: 0x20 b' '
1112: 0x54 b'T'
1113: 0x68 b'h'
1114: 0x65 b'e'
1115: 0x20 b' '
1116: 0x63 b'c'
1117: 0x68 b'h'
1118: 0x61 b'a'
1119: 0x72 b'r'
1120: 0x73 b's'
1121: 0x65 b'e'
1122: 0x74 b't'
1123: 0x20 b' '
1124: 0x6f b'o'
1125: 0x66 b'f'
1126: 0x20 b' '
1127: 0x74 b't'
1128: 0x68 b'h'
1129: 0x65 b'e'
1130: 0x20 b' '
1131: 0x70 b'p'
1132: 0x61 b'a'
1133: 0x73 b's'
1134: 0x73 b's'
1135: 0x77 b'w'
1136: 0x6f b'o'
1137: 0x72 b'r'
1138: 0x64 b'd'
1139: 0x20 b' '
1140: 0x69 b'i'
1141: 0x73 b's'
1142: 0x20 b' '
1143: 0x5b b'['
1144: 0x41 b'A'
1145: 0x2d b'-'
1146: 0x5a b'Z'
1147: 0x61 b'a'
1148: 0x2d b'-'
1149: 0x7a b'z'
1150: 0x30 b'0'
1151: 0x2d b'-'
1152: 0x39 b'9'
1153: 0x5d b']'
1154: 0x2c b','
1155: 0x20 b' '
1156: 0x74 b't'
1157: 0x68 b'h'
1158: 0x65 b'e'
1159: 0x20 b' '
1160: 0x6b b'k'
1161: 0x65 b'e'
1162: 0x79 b'y'
1163: 0x62 b'b'
1164: 0x6f b'o'
1165: 0x61 b'a'
1166: 0x72 b'r'
1167: 0x64 b'd'
1168: 0x20 b' '
1169: 0x74 b't'
1170: 0x68 b'h'
1171: 0x65 b'e'
1172: 0x72 b'r'
1173: 0x65 b'e'
1174: 0x20 b' '
1175: 0x6a b'j'
1176: 0x75 b'u'
1177: 0x73 b's'
1178: 0x74 b't'
1179: 0x20 b' '
1180: 0x66 b'f'
1181: 0x6f b'o'
1182: 0x72 b'r'
1183: 0x20 b' '
1184: 0x66 b'f'
1185: 0x75 b'u'
1186: 0x6e b'n'
1187: 0x2e b'.'
1188: 0x0 b'\x00'
1189: 0x0 b'\x00'
1190: 0x0 b'\x00'
1191: 0x0 b'\x00'
1192: 0x0 b'\x00'
1193: 0x0 b'\x00'
1194: 0x0 b'\x00'
1195: 0x0 b'\x00'
1196: 0x0 b'\x00'
1197: 0x0 b'\x00'
1198: 0x0 b'\x00'
1199: 0x0 b'\x00'

data1
1200: 0x5 b'\x05'
1201: 0x44 b'D'
1202: 0x3d b'='
1203: 0x28 b'('
1204: 0x7 b'\x07'
1205: 0x6b b'k'
1206: 0x16 b'\x16'
1207: 0x29 b')'
1208: 0x16 b'\x16'
1209: 0x1d b'\x1d'
1210: 0x3d b'='
1211: 0x40 b'@'
1212: 0x35 b'5'
1213: 0x36 b'6'
1214: 0x0 b'\x00'
1215: 0x42 b'B'
1216: 0x36 b'6'
1217: 0x31 b'1'
1218: 0x14 b'\x14'
1219: 0x37 b'7'
1220: 0x8 b'\x08'
1221: 0x44 b'D'
1222: 0x3d b'='
1223: 0x14 b'\x14'
1224: 0x35 b'5'
1225: 0x3a b':'
1226: 0x3d b'='
1227: 0x28 b'('
1228: 0x55 b'U'
1229: 0x4c b'L'
1230: 0x20 b' '
1231: 0x2d b'-'
1232: 0x2d b'-'
1233: 0x20 b' '
1234: 0x45 b'E'
1235: 0x4f b'O'
1236: 0x46 b'F'
1237: 0x7b b'{'
1238: 0x25 b'%'
1239: 0x73 b's'
1240: 0x7d b'}'
1241: 0x20 b' '
1242: 0x2d b'-'
1243: 0x2d b'-'
1244: 0x20 b' '
1245: 0xa b'\n'
1246: 0x0 b'\x00'
1247: 0x59 b'Y'
1248: 0x6f b'o'
1249: 0x75 b'u'
1250: 0x20 b' '
1251: 0x67 b'g'
1252: 0x6f b'o'
1253: 0x74 b't'
1254: 0x20 b' '
1255: 0x69 b'i'
1256: 0x74 b't'
1257: 0x0 b'\x00'
1258: 0x0 b'\x00'
1259: 0x0 b'\x00'

ptr_to_1776
1260: 0xf0 b'\xf0'
1261: 0x6 b'\x06'
1262: 0x0 b'\x00'
1263: 0x0 b'\x00'

1264: 0x2d b'-'
1265: 0x2b b'+'
1266: 0x20 b' '
1267: 0x20 b' '
1268: 0x20 b' '
1269: 0x30 b'0'
1270: 0x58 b'X'
1271: 0x30 b'0'
1272: 0x78 b'x'
1273: 0x0 b'\x00'
1274: 0x28 b'('
1275: 0x6e b'n'
1276: 0x75 b'u'
1277: 0x6c b'l'
1278: 0x6c b'l'
1279: 0x29 b')'
1280: 0x0 b'\x00'
1281: 0x0 b'\x00'
1282: 0x0 b'\x00'
1283: 0x0 b'\x00'
1284: 0x0 b'\x00'
1285: 0x0 b'\x00'
1286: 0x0 b'\x00'
1287: 0x0 b'\x00'
1288: 0x0 b'\x00'
1289: 0x0 b'\x00'
1290: 0x0 b'\x00'
1291: 0x0 b'\x00'
1292: 0x0 b'\x00'
1293: 0x0 b'\x00'
1294: 0x0 b'\x00'
1295: 0x0 b'\x00'
1296: 0x11 b'\x11'
1297: 0x0 b'\x00'
1298: 0xa b'\n'
1299: 0x0 b'\x00'

1300: 0x11 b'\x11'
1301: 0x11 b'\x11'
1302: 0x11 b'\x11'
1303: 0x0 b'\x00'
1304: 0x0 b'\x00'
1305: 0x0 b'\x00'
1306: 0x0 b'\x00'
1307: 0x5 b'\x05'
1308: 0x0 b'\x00'
1309: 0x0 b'\x00'
1310: 0x0 b'\x00'
1311: 0x0 b'\x00'
1312: 0x0 b'\x00'
1313: 0x0 b'\x00'
1314: 0x9 b'\t'
1315: 0x0 b'\x00'
1316: 0x0 b'\x00'
1317: 0x0 b'\x00'
1318: 0x0 b'\x00'
1319: 0xb b'\x0b'
1320: 0x0 b'\x00'
1321: 0x0 b'\x00'
1322: 0x0 b'\x00'
1323: 0x0 b'\x00'
1324: 0x0 b'\x00'
1325: 0x0 b'\x00'
1326: 0x0 b'\x00'
1327: 0x0 b'\x00'
1328: 0x11 b'\x11'
1329: 0x0 b'\x00'
1330: 0xf b'\x0f'
1331: 0xa b'\n'
1332: 0x11 b'\x11'
1333: 0x11 b'\x11'
1334: 0x11 b'\x11'
1335: 0x3 b'\x03'
1336: 0xa b'\n'
1337: 0x7 b'\x07'
1338: 0x0 b'\x00'
1339: 0x1 b'\x01'
1340: 0x13 b'\x13'
1341: 0x9 b'\t'
1342: 0xb b'\x0b'
1343: 0xb b'\x0b'
1344: 0x0 b'\x00'
1345: 0x0 b'\x00'
1346: 0x9 b'\t'
1347: 0x6 b'\x06'
1348: 0xb b'\x0b'
1349: 0x0 b'\x00'
1350: 0x0 b'\x00'
1351: 0xb b'\x0b'
1352: 0x0 b'\x00'
1353: 0x6 b'\x06'
1354: 0x11 b'\x11'
1355: 0x0 b'\x00'
1356: 0x0 b'\x00'
1357: 0x0 b'\x00'
1358: 0x11 b'\x11'
1359: 0x11 b'\x11'
1360: 0x11 b'\x11'
1361: 0x0 b'\x00'
1362: 0x0 b'\x00'
1363: 0x0 b'\x00'
1364: 0x0 b'\x00'
1365: 0x0 b'\x00'
1366: 0x0 b'\x00'
1367: 0x0 b'\x00'
1368: 0x0 b'\x00'
1369: 0x0 b'\x00'
1370: 0x0 b'\x00'
1371: 0x0 b'\x00'
1372: 0x0 b'\x00'
1373: 0x0 b'\x00'
1374: 0x0 b'\x00'
1375: 0x0 b'\x00'
1376: 0x0 b'\x00'
1377: 0xb b'\x0b'
1378: 0x0 b'\x00'
1379: 0x0 b'\x00'
1380: 0x0 b'\x00'
1381: 0x0 b'\x00'
1382: 0x0 b'\x00'
1383: 0x0 b'\x00'
1384: 0x0 b'\x00'
1385: 0x0 b'\x00'
1386: 0x11 b'\x11'
1387: 0x0 b'\x00'
1388: 0xa b'\n'
1389: 0xa b'\n'
1390: 0x11 b'\x11'
1391: 0x11 b'\x11'
1392: 0x11 b'\x11'
1393: 0x0 b'\x00'
1394: 0xa b'\n'
1395: 0x0 b'\x00'
1396: 0x0 b'\x00'
1397: 0x2 b'\x02'
1398: 0x0 b'\x00'
1399: 0x9 b'\t'

1400: 0xb b'\x0b'
1401: 0x0 b'\x00'
1402: 0x0 b'\x00'
1403: 0x0 b'\x00'
1404: 0x9 b'\t'
1405: 0x0 b'\x00'
1406: 0xb b'\x0b'
1407: 0x0 b'\x00'
1408: 0x0 b'\x00'
1409: 0xb b'\x0b'
1410: 0x0 b'\x00'
1411: 0x0 b'\x00'
1412: 0x0 b'\x00'
1413: 0x0 b'\x00'
1414: 0x0 b'\x00'
1415: 0x0 b'\x00'
1416: 0x0 b'\x00'
1417: 0x0 b'\x00'
1418: 0x0 b'\x00'
1419: 0x0 b'\x00'
1420: 0x0 b'\x00'
1421: 0x0 b'\x00'
1422: 0x0 b'\x00'
1423: 0x0 b'\x00'
1424: 0x0 b'\x00'
1425: 0x0 b'\x00'
1426: 0x0 b'\x00'
1427: 0x0 b'\x00'
1428: 0x0 b'\x00'
1429: 0x0 b'\x00'
1430: 0x0 b'\x00'
1431: 0x0 b'\x00'
1432: 0x0 b'\x00'
1433: 0x0 b'\x00'
1434: 0x0 b'\x00'
1435: 0xc b'\x0c'
1436: 0x0 b'\x00'
1437: 0x0 b'\x00'
1438: 0x0 b'\x00'
1439: 0x0 b'\x00'
1440: 0x0 b'\x00'
1441: 0x0 b'\x00'
1442: 0x0 b'\x00'
1443: 0x0 b'\x00'
1444: 0x0 b'\x00'
1445: 0x0 b'\x00'
1446: 0x0 b'\x00'
1447: 0xc b'\x0c'
1448: 0x0 b'\x00'
1449: 0x0 b'\x00'
1450: 0x0 b'\x00'
1451: 0x0 b'\x00'
1452: 0xc b'\x0c'
1453: 0x0 b'\x00'
1454: 0x0 b'\x00'
1455: 0x0 b'\x00'
1456: 0x0 b'\x00'
1457: 0x9 b'\t'
1458: 0xc b'\x0c'
1459: 0x0 b'\x00'
1460: 0x0 b'\x00'
1461: 0x0 b'\x00'
1462: 0x0 b'\x00'
1463: 0x0 b'\x00'
1464: 0xc b'\x0c'
1465: 0x0 b'\x00'
1466: 0x0 b'\x00'
1467: 0xc b'\x0c'
1468: 0x0 b'\x00'
1469: 0x0 b'\x00'
1470: 0x0 b'\x00'
1471: 0x0 b'\x00'
1472: 0x0 b'\x00'
1473: 0x0 b'\x00'
1474: 0x0 b'\x00'
1475: 0x0 b'\x00'
1476: 0x0 b'\x00'
1477: 0x0 b'\x00'
1478: 0x0 b'\x00'
1479: 0x0 b'\x00'
1480: 0x0 b'\x00'
1481: 0x0 b'\x00'
1482: 0x0 b'\x00'
1483: 0x0 b'\x00'
1484: 0x0 b'\x00'
1485: 0x0 b'\x00'
1486: 0x0 b'\x00'
1487: 0x0 b'\x00'
1488: 0x0 b'\x00'
1489: 0x0 b'\x00'
1490: 0x0 b'\x00'
1491: 0x0 b'\x00'
1492: 0x0 b'\x00'
1493: 0xe b'\x0e'
1494: 0x0 b'\x00'
1495: 0x0 b'\x00'
1496: 0x0 b'\x00'
1497: 0x0 b'\x00'
1498: 0x0 b'\x00'
1499: 0x0 b'\x00'

1500: 0x0 b'\x00'
1501: 0x0 b'\x00'
1502: 0x0 b'\x00'
1503: 0x0 b'\x00'
1504: 0x0 b'\x00'
1505: 0xd b'\r'
1506: 0x0 b'\x00'
1507: 0x0 b'\x00'
1508: 0x0 b'\x00'
1509: 0x4 b'\x04'
1510: 0xd b'\r'
1511: 0x0 b'\x00'
1512: 0x0 b'\x00'
1513: 0x0 b'\x00'
1514: 0x0 b'\x00'
1515: 0x9 b'\t'
1516: 0xe b'\x0e'
1517: 0x0 b'\x00'
1518: 0x0 b'\x00'
1519: 0x0 b'\x00'
1520: 0x0 b'\x00'
1521: 0x0 b'\x00'
1522: 0xe b'\x0e'
1523: 0x0 b'\x00'
1524: 0x0 b'\x00'
1525: 0xe b'\x0e'
1526: 0x0 b'\x00'
1527: 0x0 b'\x00'
1528: 0x0 b'\x00'
1529: 0x0 b'\x00'
1530: 0x0 b'\x00'
1531: 0x0 b'\x00'
1532: 0x0 b'\x00'
1533: 0x0 b'\x00'
1534: 0x0 b'\x00'
1535: 0x0 b'\x00'
1536: 0x0 b'\x00'
1537: 0x0 b'\x00'
1538: 0x0 b'\x00'
1539: 0x0 b'\x00'
1540: 0x0 b'\x00'
1541: 0x0 b'\x00'
1542: 0x0 b'\x00'
1543: 0x0 b'\x00'
1544: 0x0 b'\x00'
1545: 0x0 b'\x00'
1546: 0x0 b'\x00'
1547: 0x0 b'\x00'
1548: 0x0 b'\x00'
1549: 0x0 b'\x00'
1550: 0x0 b'\x00'
1551: 0x10 b'\x10'
1552: 0x0 b'\x00'
1553: 0x0 b'\x00'
1554: 0x0 b'\x00'
1555: 0x0 b'\x00'
1556: 0x0 b'\x00'
1557: 0x0 b'\x00'
1558: 0x0 b'\x00'
1559: 0x0 b'\x00'
1560: 0x0 b'\x00'
1561: 0x0 b'\x00'
1562: 0x0 b'\x00'
1563: 0xf b'\x0f'
1564: 0x0 b'\x00'
1565: 0x0 b'\x00'
1566: 0x0 b'\x00'
1567: 0x0 b'\x00'
1568: 0xf b'\x0f'
1569: 0x0 b'\x00'
1570: 0x0 b'\x00'
1571: 0x0 b'\x00'
1572: 0x0 b'\x00'
1573: 0x9 b'\t'
1574: 0x10 b'\x10'
1575: 0x0 b'\x00'
1576: 0x0 b'\x00'
1577: 0x0 b'\x00'
1578: 0x0 b'\x00'
1579: 0x0 b'\x00'
1580: 0x10 b'\x10'
1581: 0x0 b'\x00'
1582: 0x0 b'\x00'
1583: 0x10 b'\x10'
1584: 0x0 b'\x00'
1585: 0x0 b'\x00'
1586: 0x12 b'\x12'
1587: 0x0 b'\x00'
1588: 0x0 b'\x00'
1589: 0x0 b'\x00'
1590: 0x12 b'\x12'
1591: 0x12 b'\x12'
1592: 0x12 b'\x12'
1593: 0x0 b'\x00'
1594: 0x0 b'\x00'
1595: 0x0 b'\x00'
1596: 0x0 b'\x00'
1597: 0x0 b'\x00'
1598: 0x0 b'\x00'
1599: 0x0 b'\x00'

1600: 0x0 b'\x00'
1601: 0x0 b'\x00'
1602: 0x0 b'\x00'
1603: 0x0 b'\x00'
1604: 0x0 b'\x00'
1605: 0x0 b'\x00'
1606: 0x0 b'\x00'
1607: 0x0 b'\x00'
1608: 0x0 b'\x00'
1609: 0x0 b'\x00'
1610: 0x0 b'\x00'
1611: 0x0 b'\x00'
1612: 0x0 b'\x00'
1613: 0x0 b'\x00'
1614: 0x0 b'\x00'
1615: 0x0 b'\x00'
1616: 0x0 b'\x00'
1617: 0x0 b'\x00'
1618: 0x12 b'\x12'
1619: 0x0 b'\x00'
1620: 0x0 b'\x00'
1621: 0x0 b'\x00'
1622: 0x12 b'\x12'
1623: 0x12 b'\x12'
1624: 0x12 b'\x12'
1625: 0x0 b'\x00'
1626: 0x0 b'\x00'
1627: 0x0 b'\x00'
1628: 0x0 b'\x00'
1629: 0x0 b'\x00'
1630: 0x0 b'\x00'
1631: 0x9 b'\t'
1632: 0x0 b'\x00'
1633: 0x0 b'\x00'
1634: 0x0 b'\x00'
1635: 0x0 b'\x00'
1636: 0x0 b'\x00'
1637: 0x0 b'\x00'
1638: 0x0 b'\x00'
1639: 0x0 b'\x00'
1640: 0x0 b'\x00'
1641: 0x0 b'\x00'
1642: 0x0 b'\x00'
1643: 0x0 b'\x00'
1644: 0x0 b'\x00'
1645: 0x0 b'\x00'
1646: 0x0 b'\x00'
1647: 0x0 b'\x00'
1648: 0x0 b'\x00'
1649: 0x0 b'\x00'
1650: 0x0 b'\x00'
1651: 0x0 b'\x00'
1652: 0x0 b'\x00'
1653: 0x0 b'\x00'
1654: 0x0 b'\x00'
1655: 0x0 b'\x00'
1656: 0x0 b'\x00'
1657: 0x0 b'\x00'
1658: 0x0 b'\x00'
1659: 0x0 b'\x00'
1660: 0x0 b'\x00'
1661: 0x0 b'\x00'
1662: 0x0 b'\x00'
1663: 0x0 b'\x00'
1664: 0x0 b'\x00'
1665: 0x0 b'\x00'
1666: 0x0 b'\x00'
1667: 0xb b'\x0b'
1668: 0x0 b'\x00'
1669: 0x0 b'\x00'
1670: 0x0 b'\x00'
1671: 0x0 b'\x00'
1672: 0x0 b'\x00'
1673: 0x0 b'\x00'
1674: 0x0 b'\x00'
1675: 0x0 b'\x00'
1676: 0x0 b'\x00'
1677: 0x0 b'\x00'
1678: 0x0 b'\x00'
1679: 0xa b'\n'
1680: 0x0 b'\x00'
1681: 0x0 b'\x00'
1682: 0x0 b'\x00'
1683: 0x0 b'\x00'
1684: 0xa b'\n'
1685: 0x0 b'\x00'
1686: 0x0 b'\x00'
1687: 0x0 b'\x00'
1688: 0x0 b'\x00'
1689: 0x9 b'\t'
1690: 0xb b'\x0b'
1691: 0x0 b'\x00'
1692: 0x0 b'\x00'
1693: 0x0 b'\x00'
1694: 0x0 b'\x00'
1695: 0x0 b'\x00'
1696: 0xb b'\x0b'
1697: 0x0 b'\x00'
1698: 0x0 b'\x00'
1699: 0xb b'\x0b'

1700: 0x0 b'\x00'
1701: 0x0 b'\x00'
1702: 0x0 b'\x00'
1703: 0x0 b'\x00'
1704: 0x0 b'\x00'
1705: 0x0 b'\x00'
1706: 0x0 b'\x00'
1707: 0x0 b'\x00'
1708: 0x0 b'\x00'
1709: 0x0 b'\x00'
1710: 0x0 b'\x00'
1711: 0x0 b'\x00'
1712: 0x0 b'\x00'
1713: 0x0 b'\x00'
1714: 0x0 b'\x00'
1715: 0x0 b'\x00'
1716: 0x0 b'\x00'
1717: 0x0 b'\x00'
1718: 0x0 b'\x00'
1719: 0x0 b'\x00'
1720: 0x0 b'\x00'
1721: 0x0 b'\x00'
1722: 0x0 b'\x00'
1723: 0x0 b'\x00'
1724: 0x0 b'\x00'

1725: 0xc b'\x0c'
1726: 0x0 b'\x00'
1727: 0x0 b'\x00'
1728: 0x0 b'\x00'
1729: 0x0 b'\x00'
1730: 0x0 b'\x00'
1731: 0x0 b'\x00'
1732: 0x0 b'\x00'
1733: 0x0 b'\x00'
1734: 0x0 b'\x00'
1735: 0x0 b'\x00'
1736: 0x0 b'\x00'
1737: 0xc b'\x0c'
1738: 0x0 b'\x00'
1739: 0x0 b'\x00'
1740: 0x0 b'\x00'
1741: 0x0 b'\x00'
1742: 0xc b'\x0c'
1743: 0x0 b'\x00'
1744: 0x0 b'\x00'
1745: 0x0 b'\x00'
1746: 0x0 b'\x00'
1747: 0x9 b'\t'
1748: 0xc b'\x0c'
1749: 0x0 b'\x00'
1750: 0x0 b'\x00'
1751: 0x0 b'\x00'
1752: 0x0 b'\x00'
1753: 0x0 b'\x00'
1754: 0xc b'\x0c'
1755: 0x0 b'\x00'
1756: 0x0 b'\x00'
1757: 0xc b'\x0c'
1758: 0x0 b'\x00'
1759: 0x0 b'\x00'
1760: 0x30 b'0'
1761: 0x31 b'1'
1762: 0x32 b'2'
1763: 0x33 b'3'
1764: 0x34 b'4'
1765: 0x35 b'5'
1766: 0x36 b'6'
1767: 0x37 b'7'
1768: 0x38 b'8'
1769: 0x39 b'9'
1770: 0x41 b'A'
1771: 0x42 b'B'
1772: 0x43 b'C'
1773: 0x44 b'D'
1774: 0x45 b'E'
1775: 0x46 b'F'

data17 = p0
1776: 0x5 b'\x05'
1777: 0x0 b'\x00'
1778: 0x0 b'\x00'
1779: 0x0 b'\x00'

p0+4 = (uint64)0
1780: 0x0 b'\x00'
1781: 0x0 b'\x00'
1782: 0x0 b'\x00'
1783: 0x0 b'\x00'
1784: 0x0 b'\x00'
1785: 0x0 b'\x00'
1786: 0x0 b'\x00'
1787: 0x0 b'\x00'

data18
1788: 0x1 b'\x01'
1789: 0x0 b'\x00'
1790: 0x0 b'\x00'
1791: 0x0 b'\x00'

p0+16 = (p0+44) + (p0+48)
1792: 0x0 b'\x00'
1793: 0x0 b'\x00'
1794: 0x0 b'\x00'
1795: 0x0 b'\x00'

p0+20 = p0+44
1796: 0x0 b'\x00'
1797: 0x0 b'\x00'
1798: 0x0 b'\x00'
1799: 0x0 b'\x00'

1800: 0x0 b'\x00'
1801: 0x0 b'\x00'
1802: 0x0 b'\x00'
1803: 0x0 b'\x00'

p0+28 = p0+44
1804: 0x0 b'\x00'
1805: 0x0 b'\x00'
1806: 0x0 b'\x00'
1807: 0x0 b'\x00'

1808: 0x0 b'\x00'
1809: 0x0 b'\x00'
1810: 0x0 b'\x00'
1811: 0x0 b'\x00'

data19
1812: 0x2 b'\x02'
1813: 0x0 b'\x00'
1814: 0x0 b'\x00'
1815: 0x0 b'\x00'

1816: 0x3 b'\x03'
1817: 0x0 b'\x00'
1818: 0x0 b'\x00'
1819: 0x0 b'\x00'

p0+44
value = 2168
1820: 0x78 b'x'
1821: 0x8 b'\x08'
1822: 0x0 b'\x00'
1823: 0x0 b'\x00'

p0+48
value = 1024
1824: 0x0 b'\x00'
1825: 0x4 b'\x04'
1826: 0x0 b'\x00'
1827: 0x0 b'\x00'


1828: 0x0 b'\x00'
1829: 0x0 b'\x00'
1830: 0x0 b'\x00'
1831: 0x0 b'\x00'
1832: 0x0 b'\x00'
1833: 0x0 b'\x00'
1834: 0x0 b'\x00'
1835: 0x0 b'\x00'
1836: 0x1 b'\x01'
1837: 0x0 b'\x00'
1838: 0x0 b'\x00'
1839: 0x0 b'\x00'

1840: 0x0 b'\x00'
1841: 0x0 b'\x00'
1842: 0x0 b'\x00'
1843: 0x0 b'\x00'

1844: 0x0 b'\x00'
1845: 0x0 b'\x00'
1846: 0x0 b'\x00'
1847: 0x0 b'\x00'

1848: 0x0 b'\x00'
1849: 0x0 b'\x00'

p0+74
1850: 0x0 b'\x00'

1851: 0xa b'\n'

1776+76
1852: 0xff b'\xff'
1853: 0xff b'\xff'
1854: 0xff b'\xff'
1855: 0xff b'\xff'

1856: 0x0 b'\x00'
1857: 0x0 b'\x00'
1858: 0x0 b'\x00'
1859: 0x0 b'\x00'
1860: 0x0 b'\x00'
1861: 0x0 b'\x00'
1862: 0x0 b'\x00'
1863: 0x0 b'\x00'
1864: 0x0 b'\x00'
1865: 0x0 b'\x00'
1866: 0x0 b'\x00'
1867: 0x0 b'\x00'
1868: 0x0 b'\x00'
1869: 0x0 b'\x00'
1870: 0x0 b'\x00'
1871: 0x0 b'\x00'
1872: 0x0 b'\x00'
1873: 0x0 b'\x00'
1874: 0x0 b'\x00'
1875: 0x0 b'\x00'
1876: 0x0 b'\x00'
1877: 0x0 b'\x00'
1878: 0x0 b'\x00'
1879: 0x0 b'\x00'
1880: 0x0 b'\x00'
1881: 0x0 b'\x00'
1882: 0x0 b'\x00'
1883: 0x0 b'\x00'
1884: 0x0 b'\x00'
1885: 0x0 b'\x00'
1886: 0x0 b'\x00'
1887: 0x0 b'\x00'
1888: 0x0 b'\x00'
1889: 0x0 b'\x00'
1890: 0x0 b'\x00'
1891: 0x0 b'\x00'
1892: 0x0 b'\x00'
1893: 0x0 b'\x00'
1894: 0x0 b'\x00'
1895: 0x0 b'\x00'
1896: 0x0 b'\x00'
1897: 0x0 b'\x00'
1898: 0x0 b'\x00'
1899: 0x0 b'\x00'


5246623: 0xa b'\n'
5246624: 0x2e b'.'
5246625: 0x2f b'/'
5246626: 0x74 b't'
5246627: 0x68 b'h'
5246628: 0x69 b'i'
5246629: 0x73 b's'
5246630: 0x2e b'.'
5246631: 0x70 b'p'
5246632: 0x72 b'r'
5246633: 0x6f b'o'
5246634: 0x67 b'g'
5246635: 0x72 b'r'
5246636: 0x61 b'a'
5246637: 0x6d b'm'
5246638: 0x0 b'\x00'
5246639: 0x0 b'\x00'
5246640: 0xa0 b'\xa0'
5246641: 0xe b'\x0e'
5246642: 0x50 b'P'

5246600: 0x9f b'\x9f'
5246601: 0xe b'\x0e'
5246602: 0x50 b'P'
5246603: 0x0 b'\x00'
5246604: 0x1 b'\x01'
5246605: 0x0 b'\x00'
5246606: 0x0 b'\x00'
5246607: 0x0 b'\x00'
5246608: 0x65 b'e'
5246609: 0x0 b'\x00'
5246610: 0x0 b'\x00'
5246611: 0x0 b'\x00'
5246612: 0x0 b'\x00'
5246613: 0x0 b'\x00'
5246614: 0x0 b'\x00'
5246615: 0x0 b'\x00'
5246616: 0x0 b'\x00'
5246617: 0x0 b'\x00'
5246618: 0x0 b'\x00'
5246619: 0x0 b'\x00'
5246620: 0x0 b'\x00'
5246621: 0x0 b'\x00'
5246622: 0x0 b'\x00'
5246623: 0xa b'\n'
5246624: 0x2e b'.'
5246625: 0x2f b'/'
5246626: 0x74 b't'
5246627: 0x68 b'h'
5246628: 0x69 b'i'
5246629: 0x73 b's'
5246630: 0x2e b'.'
5246631: 0x70 b'p'
5246632: 0x72 b'r'
5246633: 0x6f b'o'
5246634: 0x67 b'g'
5246635: 0x72 b'r'
5246636: 0x61 b'a'
5246637: 0x6d b'm'
5246638: 0x0 b'\x00'
5246639: 0x0 b'\x00'
5246640: 0xa0 b'\xa0'
5246641: 0xe b'\x0e'
5246642: 0x50 b'P'
