['8c762b8f22036dbb', 'dda56facf732ffa7', '1c3a372e45302412', '46449a55e25888cf', '98164f49a25f54a8', '4ea0640e3adaf107', 'cc67c8f2e688e8ad', 'f18895d89bfae58e', '33ae2e67609b509a', 'fb0e52f2f8b2145e']
['50', ' million', ' Faceboo', 'k accoun', 'ts owned']
https://newsroom.fb.com/news/2018/09/security-update/

['b8cefd6eb48eb05a', '2a64550316971455', '97fd94cc1ddf5de9', 'd1ced9f3ba9f0671', '294f7e6212717243', '79f8866765581ed2', '7a11fbf32a65c9c5', 'fa555e936059c30a', 'e7e0574415898d59', '825eaf40b8ca4b6b', '4c495604c766de64', '10158def0234ca52', 'd3a472f56cbc6007', 'a2be6b76d1489fb1', 'd1968e7d8d19f949', '70b8924776e4aad7', 'fe36cd98ce5e1381', 'db456c31e215b5bf', '3ca92540eb2d0a42']
['7', '0+ diffe', 'rent typ', 'es of ho', 'me route', 'rs(all t', 'ogether ', '100,000+', ') are be', 'ing hija', 'cked by ', 'GhostDNS']
https://blog.netlab.360.com/70-different-types-of-home-routers-all-together-100000-are-being-hijacked-by-ghostdns-en/

['68935751c61b2cbf', '9b23a8a310cc2535', '7d90e8ec90d21429', '132b8e6a7069a3af', '361b3d849b06b5cc', '92f33f42305f794b', '7551f5397ba46a5b', '452ab65a472ac641', '5e697a86b2b618a9', 'c9cf94ea64cd49b2', 'b2780d3cf5b55c51', 'b70a9a2903fb58e7', '86a4d5c5dc412819']
['CVE-2017', '-11176: ', 'A step-b', 'y-step L', 'inux Ker', 'nel expl', 'oitation']
https://blog.lexfo.fr/cve-2017-11176-linux-kernel-exploitation-part1.html

['59154ed9ef5129d0', '81160c5f9882f57d', 'cfd76f05f6ac8f1a', '38114a30fb1839a2', '7fea88c412d9e114', '9dedcb1c01c0a666', '2a36d91fd8751e52', 'ba939a65efbe150f', '9504247abb9fe6be', '24d3d4dcfda82306']
['An I', 'nnovativ', 'e Phishi', 'ng Style']
https://tehaurum.wordpress.com/2018/09/30/an-innovative-phishing-style/

['4683468066ebc36a', '2fc7d7054f5f1656', '97794dccdc647081', 'bf53cd0fc5a0f0ed', '1b6e5f3aa161784a', 'ed490b9fe7175efe', '820236ceb1c3f793', '00ab245bc50398fb', '81380f43dcde4490', '26893bc1faa41172', '50e34288bbd061b5', 'ecb31e1fd8267b80', 'ec25c8608a43cfb5', '7abdd0924d7b90d1', '287b87a10ef7a276', 'a3c0a0ae81a23cc9', 'e32fd93afeeacc66']
['BYO', 'B (Build', ' Your Ow', 'n Botnet', ') v0.2 R', 'eleased ', '- Major ', 'Improvem', 'ents &am', 'p;amp; B', 'ug Fixes']
https://github.com/malwaredllc/byob

['9d7bc87c89bbf1b6', '6d24b10122dbbe03', 'bc63fbc49791de99', '503f2a022c397073', 'd5241c320cf81b84', '16c597059cc7a356', 'a29bb4b6d8cf2624', '01501277d28b9a05', 'd9a496728e191939', 'f2584d5f57698d3f', '39a2fd0838f467ef']
['Brut', 'eforcing', ' United ', 'Club&#39', ';s WiFi ', 'password']
https://web.archive.org/web/20181010030152/https://blog.jonlu.ca/posts/brute-forcing-united

['bc377742383081c9', '72fc36e39d8ee01f', 'e6fb5ca85ec767b7', 'f4374c04f41d0eeb', '39ace129fe2cdea3', '8605726d2b9b553e', 'c9579990e19eb521', '7921b72a4056fd38', 'a175f456b954deab', '997c2e30021dd75e', 'ba12a323b1f899d6', '5934aba93396ba2a', '304d04014b6773af', '82b99ed522354b8d', '6c1081041f16f682', '8ddb7f926c858663', 'e4751f65c02c38bc', '795bd0b1762f288e', '599af303209d39d0', '7adbfcf2727d2594']
['A', 'ndroid B', 'anker fo', 'und on G', 'oogle Pl', 'ay with ', '10K+ ins', 'talls st', 'ole over', ' 10,000 ', 'Euros [i', 'nfection', ' video i', 'ncluded]']
https://lukasstefanko.com/2018/09/banking-trojan-found-on-google-play-stole-10000-euros-from-victims.html

['70c848d22db06636', 'd2aad5a8e57f659d', '7996cbee9692a9ea', 'c240895040386af5', 'fe63ef018734d08a', 'f17fbb3c0f9d7b4f', '34e1b3e3e669265b', '0a95c6e3fbc4a2d0', 'b68cf275873b71dd', 'a8dd7838d5cbb99b', 'dd173066e1fe969b', 'ceaa7eaa9266ce85']
['Active D', 'irectory', ' and Pri', 'vilege E', 'scalatio', 'n Script']
https://github.com/hausec/ADAPE-Script/tree/master

['9ee6d20e3d4415ac', 'd332f91b82a24c71', '9c0c7711b2bd04e9', '68deea7e8bb703c4', '27fcb693e99977f4', 'e75217e1550fa449', '212f2c54c6a4238a', '36bf0251e8453dde', '0ccb10d4d56d856c', '54d6a231a1e41e58', 'e1b4e67624291108', '4e966b3d9f543145', 'a498f259ab6aec82', '3ca92540eb2d0a42']
['J', 'uicy Pot', 'ato: new', ' Windows', ' local p', 'rivilege', ' escalat', 'ion tool']
https://ohpe.github.io/juicy-potato/

['ad4eed472098d8bd', '7e918a6010b42a7c', '47b26ec530b713a6', '4d05f13227a755f3', '8a26149282dea02c', '98221ccc5e946911', '07c3842d792b2bfa', '5789155c4919003c', 'cca25adc34391922', '5d3dbb83dad51d14', '899d240737f70ded', '3ca92540eb2d0a42']
['Ana', 'lysis of', ' device ', 'data col', 'lected b', 'y Airbnb']
https://medium.com/@kahunalu/under-the-hood-airbnb-9aceb8954f8a

['73805b67bcd77803', '04931cb51b4262c2', '10a02722d4d29da9', '350293df1bd22bf1', '2bd2c2d6b6e13516', '84af1989eab99d13', 'f5e61f2004b20510', 'c3a30ed8d1ff7cb8', 'b36e4ecaa1cd9cc9', '4b0d40674d440d9e', 'f39721c9450d17e9', 'b4541eb2ea080d2a', '611f767f916e6a69']
['Encr', 'ypting S', 'NI: Fixi', 'ng One o', 'f the Co', 're Inter', 'net Bugs']
https://blog.cloudflare.com/esni/

['77a433c19edf96a5', '8e11e79231a9fbac', 'ad8bcfe88e96915a', 'aeda6ec882332a4f', '8db7648c1be0cd47', '0d08d2a6e0c0c0eb', '21a1d0bf993ebf4a', '3b27cb64a2aa974e', 'ae78500b8ba49477']
['F', 'rom VNC ', 'to rever', 'se shell']
https://blog.benjojo.co.uk/post/qemu-monitor-socket-rce-vnc

['c75ea80e5353ff9f', 'b8adc61316fddeb1', 'de0215ea419b1868', '4db5289ad7833fed', '348480cd30d29857', '9118870876c88df7', '61df27085309d8cc', '7eca1f2d0b08ac91', '8de0aa32bd28c619', 'bf6cfffb49c013d1', 'b2212eaa5c7612a3', '21b23e6a55c64d18', 'e4e601c88dcfcd97', '1a85b5274afa4b88', '5f28eb64e3ee59b9', '95d11de6cc33fc6a', '11c7016d94ec78b3', '64ed31767d66574b', 'aaa3bb913d35c75f']
['Authe', 'nticatio', 'n bypass', ' vulnera', 'bility i', 'n Wester', 'n Digita', 'l My Clo', 'ud allow', 's escala', 'tion to ', 'admin pr', 'ivileges']
https://www.securify.nl/advisory/SFY20180102/authentication-bypass-vulnerability-in-western-digital-my-cloud-allows-escalation-to-admin-privileges.html

['6540f0e9c6cf744d', '42db7d895ec887fd', 'dbe85217dba80ef1', '5a370279d6274152', '6126bef1904e34a9', '754531903e10c8cc', 'e11b58e11007a26a', '55ba2433615b1887', '1ffcfab2df695eb9', '3ca92540eb2d0a42']
['Dra', 'w.io for', ' threat ', 'modeling']
http://michenriksen.com/blog/drawio-for-threat-modeling/

['679d50da8fb66cc7', 'acd106f2bcbe10e4', '07527dfe842fc457', '2c559117c3b5b0ea', 'd7ec212d92c13292', '08aa1fc0184b4724', 'c1f2b846e815173c', '784566b7df235cfa', '92e65e6c94b3885b', '21fca0ef83f569fa', '7d3b5b8451e6deb7', 'd3f0484b4bff2d8d', '7428aa21e1c01ba8', '8f878769a13ef07e', 'e73fce7f3413d0c4', '445946fe6672f36e', 'e6fb3f6899c72e98']
['Mimi', 'katz byp', 'ass for ', 'Credenti', 'al Guard', ' on late', 'st Win10', ' release', 'd live a', 't Micros', 'oft conf']
https://github.com/gentilkiwi/mimikatz/releases/tag/2.1.1-20180925

['b66c3956a7a843e6', '03b95c09c4031894', '191d7115bd4db892', 'a609cf5c301e18e1', '64e82b78e701a627', 'e6cac54323da3a75', '411d9416ceac6189', '0c15fd3c61189c73', '37534caf165fd130', '700ecd9775766daf']
['Flatpa', 'k - a se', 'curity n', 'ightmare']
http://flatkill.org/

['8d3e7e1e092e1b38', 'e3dc1c1a198d18e8', 'a620719d0f35f930', '7825a2e2783b7c2f', '76bd756bbfa49028', '7881f5e03d112f58', '4cc18336a410f9f4', 'ca9d417da1d39c23', '0ab638f25894e797', '3115c301c3f36b8b', '3608fb581d6cc2e4', '788eaf9ed42f9c2c', 'd91ea46d92a9387d']
['Sh', 'ellab - ', 'a Linux ', 'and Wind', 'ows shel', 'lcode en', 'richment', ' utility']
https://github.com/TheSecondSun/Shellab

['dbb9c497bacf9252', 'c10eda4911830d59', 'd699396511d1cdff', '64dd867e20a57ec8', '5c463640ae036cda', '0101bd7bea88c4a4', 'f915aa92bee0e85f', '493d64e1996abff5', 'd43cdc03d0088cee', 'cb29f2412a5d9d91', '2fb2661699b64883', '95f622c076e16f76', '7396b33b9ccbc472', '4c573919f23a1239', 'd873e12961ce8337']
['Violatin', 'g Your P', 'ersonal ', 'Space wi', 'th Webex', ' - Acces', 's all th', 'e Meetin', 'g Rooms!']
https://jordanpotti.com/2018/10/03/violating-your-personal-space-with-webex/

['71b09e88f72ba8da', '76e357af02ad9eab', '1433743fe85e31a2', '501049e465bca5e9', '2faefdcb3f7dee61', 'ca73fdc9bc3e4913', 'ab5c2badf4c89831', 'efa48ec2c7fb9d7b', 'b488b51c02b43f9c', '7f006f8cb3b607a8', '93cdc66682fcb18f', 'c9708af28e08eddf', 'a24dac555b456483', '6bf984a7b842cee2', 'a58346067fff5814', '24db8959accbdd89', '3ca92540eb2d0a42']
['3', '65 Days ', 'Later: F', 'inding a', 'nd Explo', 'iting Sa', 'fari Bug', 's using ', 'Publicly', ' Availab', 'le Tools']
https://googleprojectzero.blogspot.com/2018/10/365-days-later-finding-and-exploiting.html

['78d47d6272078584', '805796f7cbf69fa2', 'f44b1c347874c857', '4034417a6ea09d95', '05afcfa9123e3c31', '46685a00ceea3098', 'e3e839221289e497', '93739e9d65e02117', '246f0497a234512d', 'ab030ce818c438b6', '57c7b99ae705b989', 'd9d20a5f16bb548f']
['Hack ', 'The Box ', ' Fighter', ' Walkthr', 'ough  Ve', 'teranSec']
https://veteransec.com/2018/10/06/hack-the-box-fighter-walkthrough/

['c5235395a6355c2f', '250abc5fd735d72b', 'e09845d32863f00f', 'afd3b14eb1e2f7d4', '4905f28d12e730c9', '9060e710decae959', '3a6ca46de367c048', '6e1a0f43dcc19d04', '0c1c6ed08f2a1a6e', '29ad09c09d302d9d', '55369cfff9edbb66', '8e12a7a0f45c7915', '6cce752b21468782', 'c7352802193342da', '8f9dcc0c7e2911e3', '32387e3de02c21c9', '0cb8d38a71c666f4']
['Rapid7 i', 'ntroduce', 's an eva', 'sion mod', 'ule for ', 'Metasplo', 'it Frame', 'work (wh', 'itepaper', ' inside)']
https://www.reddit.com/r/netsec/comments/9mr6yo/rapid7_introduces_an_evasion_module_for/

['20bbb859e4d19036', '7a95aacc26b1e72d', '324ed4037458642b', '67aad1de039eef19', '5cbb54891a31a627', '62b7755b392476c0', 'f42c76b40ebc57a8', '9b6f1a038c147273', '0c6c5c1f71dcb433', '76abb451d3f07a67', 'df06e2f69b8195e9', '8770528e7a6e8e2e', '10072d56ff50cf36', '0cb8d38a71c666f4']
['Twenty y', 'ears of ', 'Escaping', ' the Jav', 'a Sandbo', 'x (Phrac', 'k Paper)']
http://phrack.org/papers/escaping_the_java_sandbox.html

['e0ef63babc716c5f', 'f6b7dd2f9e566831', 'bedab63b02da8793', 'b871d03d1a048b47', '9bf55243bdceda1d', '6325e7f280624219', '92cda61928328517', 'd373f3072b5f7657', '7fbaf87afb1ef376', 'b324b9b08be54514', '740322e4f8af9526', '9fad155b7450f81f', 'e77715ff94916801', 'dc762f9eea007613', '0d3643218fb917e4', 'a8630efa53674706', '62dc8ea506a4d210']
['Phishin', 'g Campai', 'gn uses ', 'Hijacked', ' Emails ', 'to Deliv', 'er URSNI', 'F by Rep', 'lying to', ' Ongoing', ' Threads']
https://blog.trendmicro.com/trendlabs-security-intelligence/phishing-campaign-uses-hijacked-emails-to-deliver-ursnif-by-replying-to-ongoing-threads/

['874b01dfeb8c97ff', '7a7b1759b5811ed3', 'd8da24c7f4e5a4b0', '9650048a0232ceee', 'e7c4f856ccf4efd8', '89ba10347576f7e6', '55a378bbad579118', '80edf50e82a928d3', '9b5b488741fa1b1a', 'a42947fc487c3bc8', 'c41462eab022f4d4', '91c56a019d7a6e9b']
['Convert ', 'nmap sca', 'ns into ', 'Beautifu', 'l HTML w', 'eb pages']
https://members.rootsh3ll.com/t/convert-nmap-scans-into-beautiful-html-pages/255/

['02f7e5385d69c591', '728fb03634bffc68', '94db69c649886bb4', '8b2a80152681b5b7', 'ead5bb13c0a0aed1', 'a415ab01344a59c0', '39790c9d9e7f8e30', '3e88184ca4649bd7', '19b04ad9b75ad670', 'd4cfd0a444e4da7f', '3ca92540eb2d0a42']
['DerbyCo', 'n 8 (201', '8) Prese', 'ntations']
http://www.irongeek.com/i.php?page=videos/derbycon8/mainlist

['3635e0918e4c18b2', 'a49319fc829922c2', '6ec989cf074ec9b5', '97433b2d691e9296', '97ac89ce034d44cd', '26688bf72fde1df6', 'f95df3e8ace77d43', '2050cd5d3c7641d6', '6880f0bb3ad97ab5', '36a41b10490c542f', 'd116d873fe33600e', '478300174dbfb815', '62b01c4db070a840', 'f9b43a0aeec72146']
['/r', '/netsec&', '#39;s Q4', ' 2018 In', 'formatio', 'n Securi', 'ty Hirin', 'g Thread']
https://www.reddit.com/r/netsec/comments/9l3lod/rnetsecs_q4_2018_information_security_hiring/

['b165d2483db317f3', '553dafe305213313', '7568ff1d7e0062ed', '655845a04a0706f4', '9ddb6d739530c9cc', '49310a14fe9880c6', 'b566192fda7d2b47', 'becc92219000dfb6', 'df868375fe9c9b93', 'c64a2acb61e53545', '5615ca38b43ccb61', 'f2ab63a70aae5ea5', '772956f3306ab1db']
['GoogleM', 'eetRoule', 'tte: Joi', 'ning ran', 'dom Goog', 'le Meet ', 'meetings']
https://www.martinvigo.com/googlemeetroulette

['7c67dc284dc797dc', '9bcc2cce4bda2026', 'f3cbee2c0618f4bf', '0bfa38becf293b32', 'e9c2fff7ebf16cc4', 'ae47d70a1706aa32', 'dfbc0e1d6e1a8466', 'e2f60cfc3b349f82', '5d3189e62e734cd7', 'c6eb03498ffae948', '0d944bbf64f53c41', '0d19749968fb06ee', 'd70e741dc4cc7357', '81abac4903158d31', '3a11b06e78186d1c']
['Ho', 'w Saudi-', 'Linked D', 'igital E', 'spionage', ' Reached', ' Canadia', 'n Soil -', ' The Cit', 'izen Lab']
https://citizenlab.ca/2018/10/the-kingdom-came-to-canada-how-saudi-linked-digital-espionage-reached-canadian-soil/

['46040472c938f293', 'f3d3a7b7821803fe', 'b0572f929bd3e87d', '3c975a1226a385b1', '137122e22528fa4b', '10575fb3aa0776b0', '8c9f89300ee4d5e1', '0f400983e2f2b337', '46c377e43d213bcd', 'ecc01d7b92ca0c1a', 'f22ed7e5abde6759', '3ca92540eb2d0a42']
['LPE on ', 'Linux - ', 'vmacache', '_flush_a', 'll() bug']
https://bugs.chromium.org/p/project-zero/issues/detail?id=1664

['5b68c6b88b4c20b3', '2b1766fd9c1b697d', 'dc984d354a20ece8', '708aaac1224af5ef', '669d1131c14dc6c2', 'dbc0085e7f915dba', '8fa1d29b1b3be172', '8a5734d69c6d9933', 'cb0d82ff4c7b80f1', '20554c0e62e6c39d', '31fdab884d3e6da7', '1d6200c0e4c0e1a2', 'c04c1bee48d2bbe7', '7b88599b831a13e0', 'c5260cf3997f68c8', 'f0364887d2bbec70', 'a9b7e65daf96f789']
['Xiong', 'mai Vide', 'o Survei', 'llance D', 'evices C', 'an be Ha', 'cked via', ' Cloud F', 'eature (', 'XMEye P2', 'P Cloud)']
https://www.sec-consult.com/en/blog/2018/10/millions-of-xiongmai-video-surveillance-devices-can-be-hacked-via-cloud-feature-xmeye-p2p-cloud/

['5b187a3282196858', '24540298a44f3760', '7e3aba121f848728', 'e469c30dad60c204', 'd96437012095dea9', '5c00540e5d368d5c', '7391acdd7ba8ba1f', '3957e962f8380054', 'a717cdb374bd614b']
['WhatsApp', ' Heap Co', 'rruption']
https://bugs.chromium.org/p/project-zero/issues/detail?id=1654

['827df2efa26048e0', '636855cf9f7f2c08', '3455d93fa188b414', '32da2124f255e62a', 'a3fd58f1d6ea9568', '0a4a01be3bee6b3f', '67f75441d5277b4b', 'f4788c7c78f8215a', '2613b5dc63524eae', 'de851c0c58635805', '350f28ffaeb768d3', '0159809892b02a26', '7afb79652da69182', '4c181b95a8281a7b']
['&quot;S', 'upposely', '&quot; G', 'RU using', ' a Pinea', 'pple nan', 'o (see s', 'lide 26)']
https://english.defensie.nl/topics/cyber-security/documents/publications/2018/10/04/gru-close-access-cyber-operation-against-opcw

['0ab71d1b2c6cff0b', 'cf351f33547e414a', '9a547fc70513db93', '909decfa41396d2c', '1c99560d1f38d9a0', 'c817d40d4983c92d', '733c9d93670cc3af', '605630b2a0c574c9', '04cff29dfb5e63fc', '8be55f0ff331e856', '6dde4cbe047ca6eb', 'f107c5bf73ac279f', '0dbfdf89a51a104f', 'bca5ca879228535a', 'cc1be5a8fd3bac3d', 'f30507e0a4afa528', '3ca92540eb2d0a42']
['Exa', 'mining P', 'hishing ', 'Websites', ' and Scr', 'aping In', 'formatio', 'n to Tra', 'ck Down ', 'Maliciou', 's Actors']
https://medium.com/@imafilthyscrub/examining-phishing-websites-and-scraping-information-to-track-down-potential-malicious-actors-bcd46119238e

['9cc29e0560e92741', '24e23793c9088af4', '9a2923cc9003f3f5', '9588cff82c5a9671', '20da2b9a420ba2e6', 'af792bb789188c59', 'cf2ff940ce1ed97d', '2e3716f202192065', '0f1e0da48ac186b7', 'debab228873b5c57', 'b33ed95043d2d746']
['Trusting', ' the del', 'ivery of', ' Firefox', ' Updates']
https://blog.mozilla.org/security/2018/10/09/trusting-the-delivery-of-firefox-updates/

['bf129cd63940dbf5', 'e0b396e3f5ae77c4', '0acb7e79988cd463', '9201e9b414df78aa', 'de12dfc66b480673', 'd4d900a5392ee7d5', '415faa6fc680012c', '841dd424f99248bb', '7523946fd8f46ad3', '70edb236d1d29c7e', '0d4e21a6e0b3ba74', '8642c979b3e38c11', '2f2015a035293721', 'd97d1ab350e6ed0b', '514bcca9169ff83b']
['G', 'hostbust', 'er: Dete', 'cting th', 'e Presen', 'ce of Hi', 'dden Eav', 'esdroppe', 'rs [pdf]']
https://synrg.csl.illinois.edu/papers/ghostbuster-mobicom18.pdf

['2e7e305f2da018a2', 'cf8208fa1fefc238', '522c932a276554e5', 'f8085ba33f9600b3', '01c3c95652a912b0', '342653ddcdc4703e', '5975bd2ff6cc8a13', '3ca92540eb2d0a42']
['down']
None

['c94153b0c9aa3821', 'c3f3dc91787cff1d', '398297efa925818a', '23418fb97d43e236', '7cd5138be0fa34ee', '9addee3a3b4eea03', 'a473530cf475f9d6', '0e726fb033d9b31a', '8df93e29cb1a103d', '888a31227bd7aa3e', 'a7b440b0792221e3', '4f6ff7a574c1c5d7', 'eb15a24aee16671f']
['The /r', '/netsec ', 'Monthly ', 'Discussi', 'on Threa', 'd - Octo', 'ber 2018']
https://www.reddit.com/r/netsec/comments/9kdb4g/the_rnetsec_monthly_discussion_thread_october_2018/

['edb532842c63dd53', '7a2bda883b6fded5', '656e56677c20fc2a', '5930766fa41072e2', 'be498dc11b955f6a', '92f33f42305f794b', '41e14e4da7205d54', '33535fc024b70df0', '0d672b64889d471c', '34384c96b9619c65', '940de8e0bc2cb1e0', '7a630702977c0e63', '652f7d10d2d9f9ae']
['CVE-2018', '-1788: P', 'RTG Netw', 'ork Moni', 'tor Priv', 'ilege Es', 'calation']
https://www.criticalstart.com/2018/10/prtg-network-monitor-privilege-escalation/

['8a4b56ae07b70896', 'eaecfe8cc9d8b4e8', 'efe0470fbad37891', 'a2bba0723533d947', 'd673a12f392cc6d5', '8c618bcd336a039c', '86961bc2ccdcf3bc', '5db2b7bf8db63c56', '1826f0146dc7f222', '0b6df060522dbae8', '2e72daa2edaa2883', '700ecd9775766daf']
['Fortni', 'te gamer', 's target', 'ed by da', 'ta theft', ' malware']
https://blog.malwarebytes.com/cybercrime/2018/10/fortnite-gamers-targeted-by-data-theft-malware/

['eb8d276d4f69f903', 'c83cdb14b261d74e', '11f5d8180d156e4e', '3e085ad5fd7aa509', '68ab96f823e5b450', 'e080873b70765972', 'c1cfa2fbf0b2e209', '64ac0ad16c24a283', 'c022ee09889aff2c', '363d4986521fa9eb', '64d79d43b7d3c8ba', '308510f1b8415c68', '549418956e34fdf7', '0da29d8c9ea0e06d', '72d7ec625507e7e2']
['Build ', 'a dynami', 'c firewa', 'll or ho', 'w to add', ' dynamic', 'ally cli', 'ents to ', 'iptables']
https://h4des.org/blog/index.php?/archives/356-Build-a-dynamic-firewall-or-how-to-add-dynamically-clients-to-iptables.html

['6a75d68cbf617959', 'eeac860201a8345b', 'e74bf59319c087e2', '4f0bd998bcebd4df', '7357bbd699b67efe', '7b31fafaf7cb7b5b', 'ac7fce9c54773cf9', '51f7c8f32e1b5c93', 'd0a660b91d9bac7e']
['F', 'ollow up', ' to KRAC', 'K attack']
https://www.krackattacks.com/followup.html

['4b596c43212b27b7', 'c948390491293dd2', '4f6f5f3b635ddb98', '4c1c23f162d392cc', 'f900061d8b633877', '1d8feb029243ed63', '3882b1034e878984', '9136472bd93ffe2d', 'fd8017786de53c17', '85a67bbbcecad1c7', '8b096aa66c3ff957', 'aaa3bb913d35c75f']
['Bypas', 'sing Web', ' Cache P', 'oisoning', ' Counter', 'measures']
https://portswigger.net/blog/bypassing-web-cache-poisoning-countermeasures

['5f5bc8717e2a287b', 'ca57f4b8b56dbbcb', '93ba507d73c987d6', '3ded947902decf2b', '4d9b25eb4c9b10d1', 'd86efe9ad771aa53', 'f068f8c831c327cf', '26782d51e9396e5d', '7f91ae7dc27a59f4', '9c5910c938f642b5', 'd9d51086fba2caaf', 'aee2b8b4568118b5', '3ca92540eb2d0a42']
['Col', 'lecting ', 'Shells b', 'y the Se', 'a of NAS', ' Vulnera', 'bilities']
https://blog.securityevaluators.com/collecting-shells-by-the-sea-of-nas-vulnerabilities-155a0bd7c525

['909f64af37b257f1', '42c3e3dd8e6c0004', '12d671213e43c1d6', 'daf436c8a96d16dc', 'c9e4ca2f6a9d8a15', 'fdcee64e46d4e8f1', '6d7267c8ba971947', '26a5b6731966b550', 'af195876e43bba4f', '8e836bab1d1ba074', '8c94fa4f01c9f121', 'c52ab2f2bc9ad376', 'b130356117d03c23', 'c96aa4a525129bd3', 'e5079051ec9bc806', '4ae41edcb8189f01']
['Vibin', 'g Your W', 'ay Throu', 'gh an En', 'terprise', ': How At', 'tackers ', 'are Beco', 'ming Mor', 'e Sneaky']
https://www.reddit.com/r/netsec/comments/9j8ssm/vibing_your_way_through_an_enterprise_how/

['826d897eae5eb10f', '7bbfe925d4a67ff6', 'f8fb705abf5d767e', '75e415a7cd976147', '2593f02f5a86440e', '2bdfe76b264c6da0', '096b01b45faa9aab', '2bf447d05c1f7a07', '72426e246756d884', '54861e305e1a9e92', '53b5a7cd4d12bacc', '39b812d737e1edad', 'f9b43a0aeec72146']
['HA', 'SSH - an', ' SSH Cli', 'ent/Serv', 'er Finge', 'rprintin', 'g Method']
https://github.com/salesforce/hassh

['51b60899b249c13d', '5dfb4de1123448bd', 'd537921a6f6b5f7b', '06304433cd414873', 'ad98d0228e5bcd20', '4480800a3d838338', '4b23019cee2e3366', '6715ef78aa122348', '378226b7cb911bb2', '7f41de6bf28304fd', '1e2ac6ef87198a19', '91ad9b7876326b32', '2a462a3c6eecf588', 'da8167cf076e018b', '0019ff2987667cb9', 'af657c01b4d1e252', '8a0f90f9c13932ef', '1c57fd3bb765c1cc', '8f9ed3774443b256', '640ecce492c9e105', '7cb4159c2cacac94', '219f703fa3dbfbfa']
['APT3', '8: Detai', 'ls on Ne', 'w North ', 'Korean R', 'egime-Ba', 'cked Thr', 'eat Grou', 'p  APT38', ': Detail', 's on New', ' North K', 'orean Re', 'gime-Bac', 'ked Thre', 'at Group']
https://www.fireeye.com/blog/threat-research/2018/10/apt38-details-on-new-north-korean-regime-backed-threat-group.html

['e94e6c21b3461266', '9fee4c323559aaf9', 'ab30da3af4351e23', '5db4a2b55b634360', '89ff83483d09e687', 'd8facc9a80f3a3a6', 'bee40880f079fc9e', '2d6aecbaede209ce', '36cd79a8b535df5f']
['A', 'pplicati', 'on Secur', 'ity Wiki']
https://appsecwiki.com

['a6e71f2d2a9e1a12', '14a3a66c3dc25955', '4d8dcc33e5e1e04a', '20722ef3724d3daa', '1d91307aa87b4396', '38f6863eb625776f', '5846033237a406d3', '0d59a08574b6f7a9', '50d34bd08550e76d', 'b59db03f1695e34c', 'efb9291967a029f1', 'c217268b32e9ae26', 'f516172025a274ab', '34cc1a752b4ccc2e', '09b11555561e288d', 'f0ffc6eb3e0137ee']
['net', '-snmp 5.', '7.3 unau', 'thentica', 'ted remo', 'te Denia', 'l of Ser', 'vice (ex', 'ploit av', 'ailable)']
https://dumpco.re/blog/net-snmp-5.7.3-remote-dos

['62c4c0c553824ece', 'd2f861c84d696ebb', '4d44e66a8ec4f4a9', '0a03cbf0ca1bcc49', 'f1062eb5f4d1c89e', 'e284361a1d680a89', 'd1dd4cd8095b7cbc', '1f7ddfd3a4675b36', 'e83bc34a08b0c7c7', 'e36878f3acafe99e', '9c81c77631cf814a']
['Op', 'en Sourc', 'e FIDO2/', 'U2F Secu', 'rity key']
https://github.com/SoloKeysSec/solo

['5eeacbaa835a0678', '644f5c26cae94e05', '5fa7d1d641bde7d5', 'd19efc745438638e', '4b7c8b820a09f576', '0470b309373f8893', '500eeb35c270c872', '5026ffb4887d1094', '036186e7ae9a2cf5', 'e3ad663cbff64161', '23857128b9aaab0e', 'e343ff40f7c79355', '5de1fc3141ba2262', 'b8b35340887a8c55', '6a63083f72e97284', 'e3c6de043aaa4726', '2dd76aa688295e8b', '07ac597cfffa81b6', 'b2597d112dc27550', '91669a973870f4b0', '3ca92540eb2d0a42']
['I', 'ntel ME ', 'Manufact', 'uring Mo', 'de: obsc', 'ured dan', 'gers and', ' their r', 'elations', 'hip to A', 'pple Mac', 'Book vul', 'nerabili', 'ty CVE-2', '018-4251']
http://blog.ptsecurity.com/2018/10/intel-me-manufacturing-mode-macbook.html

['e97a36438f3dd23b', '2fc587b4a8d2a171', '4018208bd47e9c2c', 'a563c78790d00a9f', '7c68dfeeb2bcc6d8', 'ffee92da51840145', 'c0c425c94e938387', '46092b931d880430', 'c4b07e8015cddc9b', '8475fc6d883ff385', 'af72401aa8d4e565', 'de2e2a9e9770468f', '972717f3a8977f69', '8570da4b94dd0531', '9435995d98d0c0b3']
['Execu', 'ting Met', 'erpreter', ' in Memo', 'ry on Wi', 'ndows 10', ' and Byp', 'assing A', 'ntiVirus']
https://www.n00py.io/2018/06/executing-meterpreter-in-memory-on-windows-10-and-bypassing-antivirus/

['a164de5c0574559c', '7181f4ff4ee6693c', '8740afb01d3c8d6f', '1c5bc1d931bb57cf', '2d17cbc566279d6f', '51fdf7c38111ee10', '602ad1a9467cb0db', '9d80eb3c9a5ff4b3', '3674c613d436ac90', '2241ce2f5d5ab082', '5a6bdd41073fb6e3', '1202b4fcd3e2dc08', 'b0ec4469e20ff376']
['se', 'rviceFu ', ' Harvest', 'ing Serv', 'ice Acco', 'unt Cred', 'entials ', 'Remotely']
https://www.securifera.com/blog/2018/10/07/servicefu/

['723e8a15b5ff82e9', '4f32d615e46d18df', 'a74d0a6d09447eec', '1f5a4e3799bbec34', 'f07667f742432582', '08f404c5937bd1cf', '45eccf022db19001', '10f3f18bbfef2484', '97447e0e5520a3d2', 'bbc5ea4376a18308', '4cb839d06481a5db', 'ccc54cc7d3575eb1', '3ca92540eb2d0a42']
['A c', 'ache inv', 'alidatio', 'n bug in', ' Linux m', 'emory ma', 'nagement']
https://googleprojectzero.blogspot.com/2018/09/a-cache-invalidation-bug-in-linux.html

['3e4fa02601708285', '2001b3cc2dc455e6', 'f1f4dd6060d22cef', 'fe147b0873978e6e', 'd062344e10cc8994', '0febeda74eb906b2', '86d39e105c1e9024', '53d7da15efbc948d', '3974b0f8e32706f8', '40e8a5dd349812c5', '8972cc45d1918044', 'b4ba8a00c95846f3', 'c3bc354fee52a2df']
['Discov', 'ering Gr', 'aphQL en', 'dpoints ', 'and SQLi', ' vulnera', 'bilities']
https://medium.com/@localh0t/discovering-graphql-endpoints-and-sqli-vulnerabilities-5d39f26cea2e

['01474b93dc4a61cb', '62745b66e59322e5', 'eab0b103f9002a30', '720144c5265c8e69', '46b51fb995a85779', 'e6cac54323da3a75', 'de38bb184d1c6994', 'd7440f914c36717f', '7ea8ba732c87e937', 'f102e6ba32168dfa', '0946a45b1032fc17', 'a18923249341b47e', 'c37c54704f0d0211']
['FlareOn ', 'Level 6 ', 'with sym', 'bolic ex', 'ecution ', 'and Bina', 'ry Ninja']
http://ctfhacker.com/reverse/2018/09/16/flareon-2018-level6-angr.html

['962c3605d4f02f82', '8c7619cf8b55dc0f', '23e2ab06ff409fd0', 'b357a9d79d4c5ce8', 'a485596959563265', 'e04979a696bbcd5e', 'a235a5d1ff91d4dd', '5b5f00f48f9b79e1', '5963efdad77b99de', '62f49056410f6034', '41da6d26a25cdcca', '173a6cf7bdc05d79']
['SS', 'D Adviso', 'ry  Virt', 'ualBox V', 'RDP Gues', 't-to-Hos', 't Escape']
https://blogs.securiteam.com/index.php/archives/3736

['4f9817377fcf2031', 'd3e272aa05dab074', '981b3ca0d8d568ed', '524940f5db24b764', '4802e73392e44607', '75952e0172f34e29', 'e95f47b1ff53dbe5', '91f508a048798487', '4d790a978b14af7d', 'b56e24f045c3fb30', '3f1477d727211121', '1836238fa526d715']
['A', ' timing ', 'attack w', 'ith CSS ', 'selector', 's and Ja', 'vascript']
https://blog.sheddow.xyz/css-timing-attack/

['30af1b828ff1e211', '29076a6bec1d8dcd', '0370eb4e038a67b5', '166a806fcbb968d2', 'bcbcf895f1243019', '6a5371f872fa95ab', '690232ed8cef2d46', 'a0d4578da9bf9ece', '3759e79690877b46', '595ea7c8e6e2e638', '9f1b2c513c755be5', '766f1bd520474c5c', 'ad85baf0b9119bd7']
['Hiding ', 'malware ', 'in Windo', 'ws  The ', 'basics o', 'f code i', 'njection']
https://prdeving.wordpress.com/2018/09/21/hiding-malware-in-windows-code-injection/

['3edae1592342d89c', '6f4be0417c7ba8cd', '43582f02d4be6079', 'cd89c237016484dc', '952cf7a3fe17fd15', 'eb634a3e6323052f', '13c4e591d1dd524c', '89d5d93a79f1592a', 'f758b8b55dcf4b17', 'd8221d3c13488ba3', 'cd231378796f543e', 'a7d4bfbe0ac28997', 'abb8911b6fb426e8', 'c0a3fff822e2b944', '1030ef02737a231e', '9eed69bb266c9d41', '42560e8643015a1b', '05a092837de5ccd8', 'd60c89c8a94c3612']
['Debunkin', 'g &quot;', 'OSINT An', 'alysis o', 'f the TO', 'R Founda', 'tion&quo', 't; and a', ' few wor', 'ds about', ' Tor&#39', ';s direc', 'tory aut', 'horities']
https://dustri.org/b/debunking-osint-analysis-of-the-tor-foundation-and-a-few-words-about-tors-directory-authorities.html

['6deaedd1dfce291d', '26a870b8c6e00eda', '05daf04c4f2d9eb2', '68da0a9abd1605f9', 'f85fd8ac0570cb90', '7bd332830afffdc7', 'adddf11d68510fe1', 'ad8ef134cb3633d5', 'cc4b496b004937e3', '72420bdc26008a68', 'a48d0609c487b1e7', '81b35c9765a67ecc', '9b25790ecde75dc0', '3ca92540eb2d0a42']
['D', 'eep Anal', 'ysis of ', 'a Driver', '-Based M', 'ITM Malw', 'are: iTr', 'anslator']
https://www.fortinet.com/blog/threat-research/deep-analysis-of-driver-based-mitm-malware-itranslator.html

['e28b5522ecc0af3a', 'c6d700c53fc34ce5', '71183dc6e1200df8', '66ce36967582fc85', '4866a9e60553382e', '818e53988443db78', 'da9b7074112a0c1a', '386279509ee36c08', 'b5692d80e9fda784', '4323b061a6335ef4', 'f59ef6e20dafe020', '8ef6f3553078e2d7', '17933dcbccfb92ee', '565196e7ed92c31f']
['OWASP', ' Vulnera', 'ble Web ', 'Applicat', 'ions Dir', 'ectory P', 'roject/P', 'ages/VMs']
https://www.owasp.org/index.php/OWASP_Vulnerable_Web_Applications_Directory_Project/Pages/VMs

['a923202195f88b81', '772ba95105ac5c5c', '86a6123e090afefe', 'd43dfcad72589995', 'f6e724f2f37990ea', '0b4d86d1437f4660', '18a32f36a5329cb7', '0f91382e93ab947f', 'c3d0d9b61bf6d3e4', 'db84b0e360526ef2', '9eb6311a31deeab2']
['AWS tak', 'eover th', 'rough SS', 'RF in Ja', 'vaScript']
http://10degres.net/aws-takeover-ssrf-javascript/

['b1c79b5ae8c96d84', '7d262e38119ce6ff', '7c1a48b5a77b8c73', 'e0a5b4a0a7cbd917', '0a60780d6b8b2d50', '4480800a3d838338', '90f939ab6e4dd9e5', 'af86b5164c2a5937', '71d82a908a9721d9', 'd8fa7ef989fdc621', '307e6d7da4e77e3d']
['APT37: ', 'Final1st', 'spy Reap', 'ing the ', 'FreeMilk']
https://www.intezer.com/apt37-final1stspy-reaping-the-freemilk/

['07bbfb5f5e7052f1', '4ae2d64414447d8a', '88c28d42ee1a7937', '13e0beef57835f9e', 'dd79893bc867c266', 'beb1a94ffc2a536b', '2082fb25707070f7', '91707cbb3f4fa3cc', 'dba4218f6ae2e75f', '611567c0018721e0', '60e5561435821d5a', '3ca92540eb2d0a42']
['Usi', 'ng Wasab', 'i to sol', 've a Web', 'Assembly', ' Crackme']
http://ctfhacker.com/reverse/2018/09/16/flareon-2018-wasabi.html

['1ccd4475e674725f', '0693073e0643abcb', '71e4ba1b08ec245d', '950f46f46d1d2595', '7d67cb4ca2bc4bad', '08bff1ff0413082f', '63dd1dbb613e8939', '000ec26900ee15c9', 'd9dceabb8bd101be', '7e870d3ca86a6dae', '8429c79abce930cf']
['Lear', 'ning Web', ' App-Sec', ' at Pent', 'esterLab']
https://medium.com/@johntroony/learning-web-app-sec-at-pentesterlab-d9b7da206324

['727ecccdc77825ca', '954fe8c4d5ae2ee9', '0f131d95e2376c1b', 'bb18ff1c865279ef', '240e9f1f944b7c13', '18457683e9c879a4', 'eb119ac72691fc93', 'aaf147edee3d4314', '0416a0347102120e', 'bc4f0e355e45bbbe', '02d4d7f856c9874a', '67559fddee4112a3', '36e1a4d2aba624ef']
['Linux ', 'kernel u', 'niversal', ' heap sp', 'ray user', 'faultfd+', 'setxattr']
https://cyseclabs.com/blog/linux-kernel-heap-spray

['64a5bc04b0287598', 'a4adb95af9663c99', '442a6c5b09969168', 'b191672e20458350', 'bf449339cb140406', '99baebe677b5565f', 'fa75c968cb3ee8b6', '83dd696237c71574', '434703e52ff92aba', '55cd30b69285e360', 'c22a2249da5aa404']
['Record', 'ings fro', 'm this y', 'ear&#39;', 's Camp++']
https://camp.hsbp.org/2018/pp7e2/recordings.html

['b5fbdaf4480dbf43', '759900d38627a8af', 'c44a298d0e3d0d6f', 'c88c444b0a9e3ab2', '5bfd66d5bc33f423', 'b1bf18fa5beb5add', '64e52a8e8a08ea7d', '0ee56e034547ef4d', '07ac597cfffa81b6', 'ab4535d909cacd94', '452774ff120b0da1', '6445c81da12581cb', '8ada6a78bb93a2bf', '856971e5207a2313', '8da80dd52a222611']
['Multi', 'ple Seve', 're Vulne', 'rabiliti', 'es Repor', 'ted in J', 'uniper N', 'etworks ', 'Hardware']
https://kb.juniper.net/InfoCenter/index?page=content&amp;channel=SECURITY_ADVISORIES

['875ce69d714ec5ed', 'a2cf72215813d139', '54ff61767a1ac939', '03ff2627d4a867bc', '050003e4b8ea3f6f', '87cc98a17285eeef', '0962e1d91cb19dee', '6693c89fd6792ffb', '23b916576c049ccc', '8e18af764d83d412', '31747564539045e4', 'e099377e060f6857', '9b289eaf3fefa1a9', '5a76fe77a183727a', '4af9eca2c2894983', '30cad43115da2b9e', '33da45bb289c87bc']
['HCI-CPT ', '2019 - I', 'nternati', 'onal con', 'ference ', 'for Huma', 'n  Compu', 'ter Inte', 'raction ', 'in cyber', 'security']
http://2019.hci.international/hci-cpt

['0c34cc97034b9174', 'de83eaadbd6451c4', '34963e5c8147d020', '60725cf4f6231e48', '1bc61ddbea284577', 'f8c8c72896dc5bc3', '8a08ccb89852984a', '80098ec67efdb172', '3ca92540eb2d0a42']
['SQL', 'i Withou', 't Quotes']
https://eternalnoobs.com/sqli-without-quotes/

['507ff57d61c53569', '45825b57cf430743', 'fb31773140bf1ee1', '25e3ceedb3c39ae3', '644a3e4ceffeb791', '48a2168237e46457', '224868a4c75b4e11', '607773aa4a297c1b', '37ad5d33969be9bf', '4cb839d06481a5db', 'd867b65e121e66c6', '793b6ea569400cb8']
['MemITM: ', 'Tool to ', 'make in ', 'memory m', 'an in th', 'e middle']
https://github.com/AMOSSYS/MemITM/

['b0b7a350f4a4f278', '48b204d056b25fb0', 'f785e6357390b3bc', '73bbbbffc6bf5071', 'b47143690fe718f2', '1d8feb029243ed63', '3882b1034e878984', '233b2d964a4138bb', 'fe4bcb8834342001', 'd2446e0f6d464355', '833f3b6c39beee1b', 'fd5d3bce98966870']
['Bypassi', 'ng WAFs ', 'and crac', 'king XOR', ' with Ha', 'ckvertor']
https://portswigger.net/blog/bypassing-wafs-and-cracking-xor-with-hackvertor

['b2bed5d46e8b898a', 'beea35a99d45eb86', 'f6897eade2a65c23', '60e92974711b50e8', 'c1f33318741a9751', '90033fcbc7896e20', '33e54acd158c383e', '47943cb36864ae03', '6e9457f07139208d', 'f71df72bc93d5dfb', 'd19de023b821e68f', '16640ec6d97062b9', '5435af645ed511a8']
['Git ', 'submodul', 'e remote', ' code ex', 'ecution ', '(CVE-201', '8-17456)']
https://marc.info/?l=git&amp;m=153875888916397&amp;w=2

['95b1e1ba5689feb0', '008eb0adbae59bc3', '12d63c79c71fff0e', '228ba9a163b4dd21', '8a03299ce3e4d2cb', '49879cda142f3bac', 'ee1cfb495f3c9295', '2c2f189718b32003', '4ab7bc4d05d0306a', '4c3573506b48953b', '3d408ec4e9aa148a', 'feed07cb6d56fb70', '9af24a486f766459']
['Audit', 'ing Bitb', 'ucket Se', 'rver Dat', 'a for Cr', 'edential', 's in AWS']
https://www.sourcedgroup.com/blog/auditing-bitbucket-server-data-credentials-in-aws

['656a4d13a0c03644', 'ac1bef41e4eec102', '22214b4cb45adb48', 'fe120f190e714d0b', '74e12977fe878410', '7b31fafaf7cb7b5b', 'ac7fce9c54773cf9', '40cbe1166cd61961', '19727baac66bd064', 'cdee4c4c6544f1f2', 'b6d5c8458f82f092', 'daf815b85fa4456f', '3ca92540eb2d0a42']
['Fol', 'low up t', 'o the co', 'ntainer ', 'scanning', ' compari', 'son blog']
https://kubedex.com/follow-up-container-scanning-comparison/

['b5a4a51c7e3d5bc2', 'a8f34033ecaf3201', '71f1b3127145032b', '35d8ac611bacbeed', '0a54112849fc1967', 'ae47d70a1706aa32', '3029f40cf1ed69e8', '422d381abe0c8d1d', 'ee50cbd056bfa1ff', '592288e8071fec27']
['H', 'ow to Sp', 'ot Good ', 'Fuzzing ', 'Research']
https://blog.trailofbits.com/2018/10/05/how-to-spot-good-fuzzing-research/

['92979b82324c0bad', '2e203215081d7c8c', '42e3ec34fd2f0709', '62e6de433ee13417', 'd75c1c66ca6f615d', '889a9809cf6fb62a', '852838bde69c0f44', '2f918c52b934f9ca', 'f14df8e782bc3a19', '00784e6e3e3325cb', 'f7e37d452717e4c5', '46dea9a547917172', '9c81c77631cf814a']
['Outr', 'unning A', 'ttackers', ' On The ', 'Jet Data', 'base Eng', 'ine 0day']
https://blog.0patch.com/2018/09/outrunning-attackers-on-jet-database.html

['fb57d5cec03382f2', '9fcc7dee5a0053fa', '17fbca2eac20d2c2', 'fcb1351dbfa4093f', 'ce694b9927794194', '1123abbce3e14876', '45f23d7388bc0a10', '0141e4eb0a7ca136', '04455fa838cb055c', '258c72918a07a9f0', '46df5eb5f17c95be', 'f3030ce2a9a3beb1']
['Symantec', ' Messagi', 'ng Gatew', 'ay authe', 'nticatio', 'n bypass']
https://artkond.com/2018/10/10/symantec-authentication-bypass/

['25b530ea6d48b039', '01a0b33bb780eab4', '752eafb07de49479', 'e09931e40a697cdc', '71ae8647685d3894', 'd936bffbaf9e77f4', '796dd00a9b371b3d', '5efc75697aa3c38e', 'a27031657f20e42a', 'dd1bda8ec1911405', 'da5fc21b39bbc35e', '338e60cdb3cf7006', 'b26ff0c8d3037fa7', '4c181b95a8281a7b']
['G', 'aining S', 'hell usi', 'ng Serve', 'r Side T', 'emplate ', 'Injectio', 'n (SSTI)']
https://medium.com/@david.valles/gaining-shell-using-server-side-template-injection-ssti-81e29bb8e0f9

['7358f4f0268636c8', 'd134b9594e4bb7c7', '6ee4821c969150cf', '6e277a118408e0ee', 'fb064b3ea4c1313b', '89ba10347576f7e6', '00d09558c8b4b883', 'bfb2d70d7f445f66', 'ce087926dcc268b9', 'a3dbcaebe67aeef2', '404019c59ab2e6e1', '970dc23792c731ba', 'ef5dc1f52c91da3c', '549994549f6af199', '46aaf79c466db70b', 'c018fdbd41b8a17c', '4c9d782b08964d8a']
['Contai', 'ner Scan', 'ning: An', 'chore En', 'gine vs ', 'Aqua Mic', 'roscanne', 'r vs Cla', 'ir vs Da', 'gda vs T', 'wistlock']
https://kubedex.com/container-scanning/

['d1ece9b339abce11', '374448864ce50a50', '420382349a91afe0', '34104b14cec9851e', '0ccde88892a797b1', 'fcea720dd65cfcdc', '623ee337832f52b8', '25d37a994d564fce', '2236ece5eec978df', '66f468528bb76678', '8b7267cb7edd386b', '4aba9aa54a33d715', 'eb250c91f009cb15']
['Effort', 'less sec', 'urity fe', 'ature de', 'tection ', 'with Win', 'checksec']
https://blog.trailofbits.com/2018/09/26/effortless-security-feature-detection-with-winchecksec/

['85895012358681e9', '2ebba5f0c21b6abc', 'd32ae3b6ba23c4dd', 'a8366bf6ca43e3f2', '6db901d11b37f5d7', 'c419076bbe43c783', '3dd9e13529b20c0a', '3d093f88cc443a8d', 'c03effcd45a999b8', 'c078b6d5a30af392', '3994adc9568aaacd', '3f50676ab975e9f9', '67316c750c3c159d']
['csppars', 'e: A too', 'l to eva', 'luate Co', 'ntent Se', 'curity P', 'olicies.']
https://github.com/C0RB3N/cspparse

['19f61331703f7937', '187c9e3be16d3de3', '86f1c663631a3748', '14f46c6f1f69e5d3', '904e01873c0bbc5b', '0d08d2a6e0c0c0eb', 'e4387775cd6bd029', '8dc37f3a6986d837', '0b81cb6e93b20c6a']
['From', ' Kekeo t', 'o Rubeus']
https://posts.specterops.io/from-kekeo-to-rubeus-86d2ec501c14

['c86cbce04a0b0355', '0621fa7cc2e2e174', '171e84f5d8327dc0', '4616cd559ad9c788', '772e93558f52f81c', '99e7ab4db4ea4178', '423c3239d1d38f25', '7f8f36de00d2f415', '7fb678b7c30ac0de', 'd6a7a2ba9432b518', '75d3270dc1e46408', '34318005d29c1fd6', 'd383741486492a8a', '139ae0c9fcdf6477', '7f4fa2f14598b7b0', '084bd678f7986dc1']
['Cloud', 'flare en', 'ables ES', 'NI, expe', 'rimental', ' SNI enc', 'ryption ', 'for impr', 'oved web', ' privacy']
https://blog.cloudflare.com/esni/

['acb48fa3f8c29bfd', '088d30590e5329b6', 'ca5faacd7d94bd6e', '7ceb41c400acf76a', '2912df1000ddfb6f', 'beb1a94ffc2a536b', 'e13441f0dac04e4a', '6c1c2d34b0fb0f3b', '65e7074e75116c04', '2ac06279fd4f34ee', '4e26beae881d0227', 'a2e182eb0e64f7ea', 'c75db1bb9c16e212', 'df84f5a7131c0d8c', '583dbb881f87a801']
['U', 'sing “ma', 'gic” DNS', '-resolut', 'ions to ', 'track su', 'spicious', ' domains']
https://blog.dcso.de/using-magic-dns-resolutions-to-track-suspicious-domains/

['28e3845228a2fa51', '15e3a7a4d4ad65b1', '00ca2d24ec66ee11', 'a895eea95edd4877', '520c28a681e3b5c1', 'd8facc9a80f3a3a6', '36a58f707d0f591b', 'd814c62dfbad19a0', 'd4bda88e896181fa', '2a750d4e7add9dc7']
['AppL', 'ocker CL', 'M Bypass', ' via COM']
https://www.mdsec.co.uk/2018/09/applocker-clm-bypass-via-com/

['4fed7724ffefc52d', '803162b51565562b', 'f9fccbe595222f66', 'ec185f3d63911037', 'b04d23f755be724c', 'f7076268d41d8054', 'ab07648d1373cdb2', '586c6d1db77c33c8', '42aa7c80bae5f78f', 'd9d51086fba2caaf', 'c1ec71ffc2863054']
['S', 'iaberrys', ' Command', ' Injecti', 'on Vulne', 'rability']
https://blog.spaceduck.io/siaberry-1/

['15906a857fbb9190', '41c51819ef0f1dca', 'e8bbca5f38318ed3', 'b55ddbbafb2af499', '0fe0cfe0cf1ebb1b', '1d8feb029243ed63', 'b57f05e17a5cc504', 'd10c9f09c47d929b', '2724cc1cac6148d1', '50d34bd08550e76d', '9606eabf894e0061', '616a1b12833e965a', '0477281bfc053363']
['Byp', 'assing D', 'uo Two-F', 'actor Au', 'thentica', 'tion (Fa', 'il Open)']
https://www.n00py.io/2018/08/bypassing-duo-two-factor-authentication-fail-open/

['b8e51514e06f8e19', 'b0a49a99afbbc37a', 'add2439aa8b862e0', '934ebc2b34fcbf48', '09116fbdf98f4073', '7881f5e03d112f58', '1102fa3cf3ed9808', '6a0ead1c5128bc82', 'db0582a8a35df8be', '5ee405967222ceb5', '9fd4011a49b0bc9b', 'a3c12fcac9b0b4c4', '9266d5f2602253d4']
['Sheep', 'l: Creat', 'e Your O', 'wn Labs ', 'for Red ', 'and Blue', ' Teaming']
https://m.youtube.com/watch?v=OQdulPd97y4

['986cc4b88655d4b3', '071d36342f7d6849', 'f2e5e76edbcec6fe', 'f23c6ac651e8c700', '5250ab2b79c7751a', 'f645ac01ceb741fc', '5e21833bb35a06ff', '8c496a3c8ffa3b10', '56b5e3ea0a9f3da4', '8d52d03440913821', 'b7d56fea81ddbe78', 'f4bd5b0ded5af2e7', '9b9d69cc23371bc2', '776b104e45973513', '495d9527b5705c64', '78c2a59e06b494d7', '5503e35f19b9e388']
['Mobi', 'le Menac', 'e Monday', ': SMS ph', 'ishing a', 'ttacks t', 'arget th', 'e job ma', 'rket - M', 'alwareby', 'tes Labs']
https://blog.malwarebytes.com/cybercrime/2018/09/mobile-menace-monday-sms-phishing-attacks-target-the-job-market/

['eb386f2618bfe8b9', 'dbb50e3410eed8ae', '2acf98af71dd034e', '50d10f8d2b294655', '8f7512326d6d8d1e', '1d8feb029243ed63', '355550ead05c5d3a', 'df56e7933c332663', 'def9d006e053562e', 'a3c97ca07eb67d53', '017e51ef70ed1bbb', '551ef7c700439fdd', '14723b28dbab0ff9', '56aeca66cba0f56c', '071ef389570b6909']
['Bypassin', 'g NGFW/W', 'AFs usin', 'g data f', 'ormat ob', 'fuscatio', 'ns  Ivan', ' Novikov', '  Medium']
https://medium.com/@d0znpp/bypassing-ngfw-wafs-using-data-format-obfuscations-188351ea9e73

['409afe69e06675b9', '72085ad5be1efc5e', 'ec1e59a75e12414b', '7ef9dba74a91393c', '72f4abb648d2f24c', 'dfede2d48656cf5d', '8d206cb7a4f12d02', 'bdaececa6c5fece5', 'ab1aeadcae58291b']
['A', ' polyglo', 't file g', 'enerator']
http://truepolyglot.hackade.org

['88d3796637c5af72', '68f8407902b2a242', '76d722d40b773817', 'c8e91912a4aebfd5', 'a2818ba89fff3592', '379abe36781a869d', '1a4dc624079df4d6', '311ed6a3c547675a', 'f7870191af43cf60', '19e7c94e74db3424', 'e69452ae5d827767', '3e5a44b444b39ba4', '6adcc7f5f7b59032', 'b42d9ba8fa4e90d8', '26ccddbec9e661e5', '81508df1d9cca576', '4c770aa454ff3c0f']
['dy', 'namic se', 'crets ar', 'e a band', 'aid. get', ' rid of ', 'the secr', 'ets alto', 'gether [', 'x-post r', '/devops]']
https://www.reddit.com/r/netsec/comments/9huewu/dynamic_secrets_are_a_bandaid_get_rid_of_the/

['1a969e9e7488c391', '428ca12b3a2280f8', '3389d6fdd40c68c2', '9f085cacc2c7a7cc', '2fb7465584101c68', '9b2058ce85aa3606', 'dfd91fd183144892', 'b1d39e0b73070244', '8ca6ac0be7436e24', '09c5f576db0d2634', '1afd7a398b0473de', '743dbdc5d810ebde', '3282d9a673ace6d2', '3054124f8c79aa42', '0bb0032c89336b1b', 'd9d51086fba2caaf', 'aee2b8b4568118b5', '999b89fb35cb2fe2', '4c181b95a8281a7b']
['WEAPON ', 'SYSTEMS ', 'CYBERSEC', 'URITY: D', 'OD Just ', 'Beginnin', 'g to Gra', 'pple wit', 'h Scale ', 'of Vulne', 'rabiliti', 'es (pdf)']
https://www.gao.gov/assets/700/694913.pdf

['2e7e305f2da018a2', 'cf8208fa1fefc238', 'be24b0e6a4592fab', '1f8a22a342e43575', 'e547d2499523d597', '54ba9923e4408805', '2a5be3ba8bae2a94', '3ca92540eb2d0a42']
['down']
None

['a2be4d31c8cbf83f', 'c7be364caf7dae82', 'b50a6fb6362320e8', '88208fded4e2d881', '716d81db5701860d', 'f8c8c72896dc5bc3', '40cd49346c68d226', '4c4618144af2844e', 'b2804084fffa4770', 'ef512506b288226e', 'fed1b14adc29643a', '2d70d4418760b5d8', '09c542312290918a', 'e7276802348ba01d', 'f89ce2aa554d0490', '4c99bae774a3bfe5']
['SQ', 'L inject', 'ion, Ora', 'cle and ', 'full-wid', 'th chara', 'cters  T', 'omas Laž', 'auninkas', '  Medium']
https://medium.com/@Wflki/sql-injection-oracle-and-full-width-characters-13bb86fc034a

['32fdcd3d6fb6d6b2', '0760e723d1864060', '2f744723aa97944c', 'afa194e852a0a17d', '6140e4edbb2fcb79', 'b24820f40622927f', '3dc7838bc95b790e', 'e1073fbe514eadaf', '555f95025dcc74b7', '57ac4a4a8553d47d']
['Upgrade', ' Your SS', 'H Key to', ' Ed25519']
https://risan.io/upgrade-ssh-key-to-ed25519.html

['05cd088a5bc60861', '29742d41f588aba7', '1c716003d8e1f9cb', '26363fa69ee99e66', '98303ff24f8596f0', 'b757616b822f7161', '5ab81c3d0102e216', '99be8782d945989c', 'b4dc0c66bd0cb1c6']
['Renaming', ' the Bro', ' Project']
http://blog.bro.org/2018/10/renaming-bro-project_11.html

['fd50ed7e54d13cd8', '9488857d59bc229d', 'a4a73e31957900b6', 'dddd07def23a7e4e', '654b1bd8cd3b84a7', '3544c4fef1594598', '24dd2320bb329032', 'ffc190c36202ee32', '9fde5710b26db000', '9e2941a800005465', '7f619029bb559d8e', 'f72597bef5890c0a', 'feacfe4a4be716a5']
['T', 'op 10 We', 'b Hackin', 'g Techni', 'ques of ', '2017 - T', 'he Final', ' Verdict']
https://portswigger.net/blog/top-10-web-hacking-techniques-of-2017

['4f829aa9387343ff', 'f5d8350ad5fe081a', '604c514dea6637ff', '17af507712fc578f', 'b1e59daa2f4822ff', '3aeabc53d6aabac5', 'ced7b1c8e6308636', '61267b9fcda78ff5', '29d5ceeada51bf3d', '1df4f45ebf80ca8b', '726d054115882495', 'c03d56a887f87440', '4e4824f2d1046115', '8c69c5ed11ccc671', '53c7df94eb671040', 'fe12750d38549194', '4848b4327e4e6270']
['SILENTT', 'RINITY: ', 'A post-e', 'xploitat', 'ion agen', 't powere', 'd by Pyt', 'hon, Iro', 'nPython,', ' C#/.NET']
https://github.com/byt3bl33d3r/SILENTTRINITY

['cf74c49ca21a7c5a', '4ea9247e2330b65c', 'dd2a82041f5c0375', 'ea5b41321dfd7720', 'f9e56c8ea796c058', 'f660fa968b602a76', 'dbd0ef2acd8a9106', 'e58d7e9a76cd48da', 'bf10e24e6128d26f', '6f1e2c9ad3a5c50f', 'ea4763e31c8717c3', '451c3a7bb9a0fccb', '912b17e2f96aef0c', '50c91a003f53e9f4']
['Book St', 'udy: The', ' Practic', 'e of Clo', 'ud Syste', 'm Admini', 'stration', '  Part 1']
https://medium.com/@shehackspurple/book-study-the-practice-of-cloud-system-administration-part-1-68cf67ce62e

['83613e79fb4b94e8', '95216e96cd36ad5c', '9e65ae05d31f03cf', 'fe2c08e1b92afa44', '1f249cf9c23641e8', '6191b9d4622dad35', '3d5f18afba48b0d8', 'bbebc7116062dea2', '7134b8627e2b54aa', '40f402aacf0bac3b', '1f5a7814d7b43196', 'feac498e292069ef']
['Un', 'lock any', ' car - H', 'ackRF an', 'd Univer', 'sal Hack', 'er Radio']
https://safekeepcybersecurity.github.io/posts/2018/09/carhack_urh/

